<?xml version="1.0" encoding="UTF-8"?>
<!-- Generated by org.testng.reporters.JUnitReportReporter -->
<testsuite hostname="LPTIN-24Z3GG3" failures="0" tests="15" name="runner.StudentTestRunner4" time="1331.971" errors="14" timestamp="2023-07-26T19:24:32 IST" skipped="0">
  <testcase classname="runner.StudentTestRunner4" name="runScenario" time="82.372">
    <error message="Error {
  message=&#039;Timeout 50000ms exceeded.
=========================== logs ===========================
navigating to &quot;https://sisclientweb-900070.campusnexus.cloud/&quot;, waiting until &quot;load&quot;
============================================================
  name=&#039;TimeoutError
  stack=&#039;TimeoutError: Timeout 50000ms exceeded.
=========================== logs ===========================
navigating to &quot;https://sisclientweb-900070.campusnexus.cloud/&quot;, waiting until &quot;load&quot;
============================================================
    at ProgressController.run (C:\Users\SnehaV\AppData\Local\Temp\playwright-java-3452271969394814516\package\lib\server\progress.js:88:26)
    at Frame.goto (C:\Users\SnehaV\AppData\Local\Temp\playwright-java-3452271969394814516\package\lib\server\frames.js:521:23)
    at FrameDispatcher.goto (C:\Users\SnehaV\AppData\Local\Temp\playwright-java-3452271969394814516\package\lib\server\dispatchers\frameDispatcher.js:75:121)
    at DispatcherConnection.dispatch (C:\Users\SnehaV\AppData\Local\Temp\playwright-java-3452271969394814516\package\lib\server\dispatchers\dispatcher.js:312:46)
}" type="com.microsoft.playwright.TimeoutError">
      <![CDATA[com.microsoft.playwright.TimeoutError: Error {
  message='Timeout 50000ms exceeded.
=========================== logs ===========================
navigating to "https://sisclientweb-900070.campusnexus.cloud/", waiting until "load"
============================================================
  name='TimeoutError
  stack='TimeoutError: Timeout 50000ms exceeded.
=========================== logs ===========================
navigating to "https://sisclientweb-900070.campusnexus.cloud/", waiting until "load"
============================================================
    at ProgressController.run (C:\Users\SnehaV\AppData\Local\Temp\playwright-java-3452271969394814516\package\lib\server\progress.js:88:26)
    at Frame.goto (C:\Users\SnehaV\AppData\Local\Temp\playwright-java-3452271969394814516\package\lib\server\frames.js:521:23)
    at FrameDispatcher.goto (C:\Users\SnehaV\AppData\Local\Temp\playwright-java-3452271969394814516\package\lib\server\dispatchers\frameDispatcher.js:75:121)
    at DispatcherConnection.dispatch (C:\Users\SnehaV\AppData\Local\Temp\playwright-java-3452271969394814516\package\lib\server\dispatchers\dispatcher.js:312:46)
}
at com.microsoft.playwright.impl.WaitableResult.get(WaitableResult.java:52)
at com.microsoft.playwright.impl.ChannelOwner.runUntil(ChannelOwner.java:111)
at com.microsoft.playwright.impl.Connection.sendMessage(Connection.java:126)
at com.microsoft.playwright.impl.ChannelOwner.sendMessage(ChannelOwner.java:102)
at com.microsoft.playwright.impl.FrameImpl.navigateImpl(FrameImpl.java:463)
at com.microsoft.playwright.impl.PageImpl.lambda$navigate$45(PageImpl.java:836)
at com.microsoft.playwright.impl.LoggingSupport.withLogging(LoggingSupport.java:47)
at com.microsoft.playwright.impl.ChannelOwner.withLogging(ChannelOwner.java:87)
at com.microsoft.playwright.impl.PageImpl.navigate(PageImpl.java:836)
at com.microsoft.playwright.impl.PageImpl.navigate(PageImpl.java:42)
at com.microsoft.playwright.Page.navigate(Page.java:5282)
at genericFunctions.PlaywrightFactory.initBrowser(PlaywrightFactory.java:101)
at Stepdefinitions.Hooks.getProperty(Hooks.java:32)
Caused by: com.microsoft.playwright.TimeoutError: Error {
  message='Timeout 50000ms exceeded.
=========================== logs ===========================
navigating to "https://sisclientweb-900070.campusnexus.cloud/", waiting until "load"
============================================================
  name='TimeoutError
  stack='TimeoutError: Timeout 50000ms exceeded.
=========================== logs ===========================
navigating to "https://sisclientweb-900070.campusnexus.cloud/", waiting until "load"
============================================================
    at ProgressController.run (C:\Users\SnehaV\AppData\Local\Temp\playwright-java-3452271969394814516\package\lib\server\progress.js:88:26)
    at Frame.goto (C:\Users\SnehaV\AppData\Local\Temp\playwright-java-3452271969394814516\package\lib\server\frames.js:521:23)
    at FrameDispatcher.goto (C:\Users\SnehaV\AppData\Local\Temp\playwright-java-3452271969394814516\package\lib\server\dispatchers\frameDispatcher.js:75:121)
    at DispatcherConnection.dispatch (C:\Users\SnehaV\AppData\Local\Temp\playwright-java-3452271969394814516\package\lib\server\dispatchers\dispatcher.js:312:46)
}
at com.microsoft.playwright.impl.Connection.dispatch(Connection.java:224)
at com.microsoft.playwright.impl.Connection.processOneMessage(Connection.java:206)
at com.microsoft.playwright.impl.ChannelOwner.runUntil(ChannelOwner.java:109)
at com.microsoft.playwright.impl.Connection.sendMessage(Connection.java:126)
at com.microsoft.playwright.impl.ChannelOwner.sendMessage(ChannelOwner.java:102)
at com.microsoft.playwright.impl.FrameImpl.navigateImpl(FrameImpl.java:463)
at com.microsoft.playwright.impl.PageImpl.lambda$navigate$45(PageImpl.java:836)
at com.microsoft.playwright.impl.LoggingSupport.withLogging(LoggingSupport.java:47)
at com.microsoft.playwright.impl.ChannelOwner.withLogging(ChannelOwner.java:87)
at com.microsoft.playwright.impl.PageImpl.navigate(PageImpl.java:836)
at com.microsoft.playwright.impl.PageImpl.navigate(PageImpl.java:42)
at com.microsoft.playwright.Page.navigate(Page.java:5282)
at genericFunctions.PlaywrightFactory.initBrowser(PlaywrightFactory.java:101)
at Stepdefinitions.Hooks.getProperty(Hooks.java:32)
at java.base/jdk.internal.reflect.NativeMethodAccessorImpl.invoke0(Native Method)
at java.base/jdk.internal.reflect.NativeMethodAccessorImpl.invoke(NativeMethodAccessorImpl.java:77)
at java.base/jdk.internal.reflect.DelegatingMethodAccessorImpl.invoke(DelegatingMethodAccessorImpl.java:43)
at java.base/java.lang.reflect.Method.invoke(Method.java:568)
at io.cucumber.java.Invoker.doInvoke(Invoker.java:66)
at io.cucumber.java.Invoker.invoke(Invoker.java:24)
at io.cucumber.java.AbstractGlueDefinition.invokeMethod(AbstractGlueDefinition.java:47)
at io.cucumber.java.JavaHookDefinition.execute(JavaHookDefinition.java:59)
at io.cucumber.core.runner.CoreHookDefinition.execute(CoreHookDefinition.java:46)
at io.cucumber.core.runner.HookDefinitionMatch.runStep(HookDefinitionMatch.java:21)
at io.cucumber.core.runner.ExecutionMode$1.execute(ExecutionMode.java:10)
at io.cucumber.core.runner.TestStep.executeStep(TestStep.java:92)
at io.cucumber.core.runner.TestStep.run(TestStep.java:64)
at io.cucumber.core.runner.TestCase.run(TestCase.java:98)
at io.cucumber.core.runner.Runner.runPickle(Runner.java:71)
at io.cucumber.testng.TestNGCucumberRunner.lambda$runScenario$0(TestNGCucumberRunner.java:116)
at io.cucumber.core.runtime.CucumberExecutionContext.runTestCase(CucumberExecutionContext.java:117)
at io.cucumber.testng.TestNGCucumberRunner.runScenario(TestNGCucumberRunner.java:113)
at io.cucumber.testng.AbstractTestNGCucumberTests.runScenario(AbstractTestNGCucumberTests.java:31)
at java.base/jdk.internal.reflect.NativeMethodAccessorImpl.invoke0(Native Method)
at java.base/jdk.internal.reflect.NativeMethodAccessorImpl.invoke(NativeMethodAccessorImpl.java:77)
at java.base/jdk.internal.reflect.DelegatingMethodAccessorImpl.invoke(DelegatingMethodAccessorImpl.java:43)
at java.base/java.lang.reflect.Method.invoke(Method.java:568)
at org.testng.internal.MethodInvocationHelper.invokeMethod(MethodInvocationHelper.java:133)
at org.testng.internal.TestInvoker.invokeMethod(TestInvoker.java:598)
at org.testng.internal.TestInvoker.invokeTestMethod(TestInvoker.java:173)
at org.testng.internal.MethodRunner.runInSequence(MethodRunner.java:46)
at org.testng.internal.TestInvoker$MethodInvocationAgent.invoke(TestInvoker.java:824)
at org.testng.internal.TestInvoker.invokeTestMethods(TestInvoker.java:146)
at org.testng.internal.TestMethodWorker.invokeTestMethods(TestMethodWorker.java:146)
at org.testng.internal.TestMethodWorker.run(TestMethodWorker.java:128)
at java.base/java.util.concurrent.ThreadPoolExecutor.runWorker(ThreadPoolExecutor.java:1136)
at java.base/java.util.concurrent.ThreadPoolExecutor$Worker.run(ThreadPoolExecutor.java:635)
at java.base/java.lang.Thread.run(Thread.java:833)
]]>
    </error>
  </testcase> <!-- runScenario -->
  <system-out/>
  <testcase classname="runner.StudentTestRunner4" name="runScenario" time="81.863">
    <error message="Error {
  message=&#039;Timeout 50000ms exceeded.
=========================== logs ===========================
navigating to &quot;https://sisclientweb-900070.campusnexus.cloud/&quot;, waiting until &quot;load&quot;
============================================================
  name=&#039;TimeoutError
  stack=&#039;TimeoutError: Timeout 50000ms exceeded.
=========================== logs ===========================
navigating to &quot;https://sisclientweb-900070.campusnexus.cloud/&quot;, waiting until &quot;load&quot;
============================================================
    at ProgressController.run (C:\Users\SnehaV\AppData\Local\Temp\playwright-java-3452271969394814516\package\lib\server\progress.js:88:26)
    at Frame.goto (C:\Users\SnehaV\AppData\Local\Temp\playwright-java-3452271969394814516\package\lib\server\frames.js:521:23)
    at FrameDispatcher.goto (C:\Users\SnehaV\AppData\Local\Temp\playwright-java-3452271969394814516\package\lib\server\dispatchers\frameDispatcher.js:75:121)
    at DispatcherConnection.dispatch (C:\Users\SnehaV\AppData\Local\Temp\playwright-java-3452271969394814516\package\lib\server\dispatchers\dispatcher.js:312:46)
}" type="com.microsoft.playwright.TimeoutError">
      <![CDATA[com.microsoft.playwright.TimeoutError: Error {
  message='Timeout 50000ms exceeded.
=========================== logs ===========================
navigating to "https://sisclientweb-900070.campusnexus.cloud/", waiting until "load"
============================================================
  name='TimeoutError
  stack='TimeoutError: Timeout 50000ms exceeded.
=========================== logs ===========================
navigating to "https://sisclientweb-900070.campusnexus.cloud/", waiting until "load"
============================================================
    at ProgressController.run (C:\Users\SnehaV\AppData\Local\Temp\playwright-java-3452271969394814516\package\lib\server\progress.js:88:26)
    at Frame.goto (C:\Users\SnehaV\AppData\Local\Temp\playwright-java-3452271969394814516\package\lib\server\frames.js:521:23)
    at FrameDispatcher.goto (C:\Users\SnehaV\AppData\Local\Temp\playwright-java-3452271969394814516\package\lib\server\dispatchers\frameDispatcher.js:75:121)
    at DispatcherConnection.dispatch (C:\Users\SnehaV\AppData\Local\Temp\playwright-java-3452271969394814516\package\lib\server\dispatchers\dispatcher.js:312:46)
}
at com.microsoft.playwright.impl.WaitableResult.get(WaitableResult.java:52)
at com.microsoft.playwright.impl.ChannelOwner.runUntil(ChannelOwner.java:111)
at com.microsoft.playwright.impl.Connection.sendMessage(Connection.java:126)
at com.microsoft.playwright.impl.ChannelOwner.sendMessage(ChannelOwner.java:102)
at com.microsoft.playwright.impl.FrameImpl.navigateImpl(FrameImpl.java:463)
at com.microsoft.playwright.impl.PageImpl.lambda$navigate$45(PageImpl.java:836)
at com.microsoft.playwright.impl.LoggingSupport.withLogging(LoggingSupport.java:47)
at com.microsoft.playwright.impl.ChannelOwner.withLogging(ChannelOwner.java:87)
at com.microsoft.playwright.impl.PageImpl.navigate(PageImpl.java:836)
at com.microsoft.playwright.impl.PageImpl.navigate(PageImpl.java:42)
at com.microsoft.playwright.Page.navigate(Page.java:5282)
at genericFunctions.PlaywrightFactory.initBrowser(PlaywrightFactory.java:101)
at Stepdefinitions.Hooks.getProperty(Hooks.java:32)
Caused by: com.microsoft.playwright.TimeoutError: Error {
  message='Timeout 50000ms exceeded.
=========================== logs ===========================
navigating to "https://sisclientweb-900070.campusnexus.cloud/", waiting until "load"
============================================================
  name='TimeoutError
  stack='TimeoutError: Timeout 50000ms exceeded.
=========================== logs ===========================
navigating to "https://sisclientweb-900070.campusnexus.cloud/", waiting until "load"
============================================================
    at ProgressController.run (C:\Users\SnehaV\AppData\Local\Temp\playwright-java-3452271969394814516\package\lib\server\progress.js:88:26)
    at Frame.goto (C:\Users\SnehaV\AppData\Local\Temp\playwright-java-3452271969394814516\package\lib\server\frames.js:521:23)
    at FrameDispatcher.goto (C:\Users\SnehaV\AppData\Local\Temp\playwright-java-3452271969394814516\package\lib\server\dispatchers\frameDispatcher.js:75:121)
    at DispatcherConnection.dispatch (C:\Users\SnehaV\AppData\Local\Temp\playwright-java-3452271969394814516\package\lib\server\dispatchers\dispatcher.js:312:46)
}
at com.microsoft.playwright.impl.Connection.dispatch(Connection.java:224)
at com.microsoft.playwright.impl.Connection.processOneMessage(Connection.java:206)
at com.microsoft.playwright.impl.ChannelOwner.runUntil(ChannelOwner.java:109)
at com.microsoft.playwright.impl.Connection.sendMessage(Connection.java:126)
at com.microsoft.playwright.impl.ChannelOwner.sendMessage(ChannelOwner.java:102)
at com.microsoft.playwright.impl.FrameImpl.navigateImpl(FrameImpl.java:463)
at com.microsoft.playwright.impl.PageImpl.lambda$navigate$45(PageImpl.java:836)
at com.microsoft.playwright.impl.LoggingSupport.withLogging(LoggingSupport.java:47)
at com.microsoft.playwright.impl.ChannelOwner.withLogging(ChannelOwner.java:87)
at com.microsoft.playwright.impl.PageImpl.navigate(PageImpl.java:836)
at com.microsoft.playwright.impl.PageImpl.navigate(PageImpl.java:42)
at com.microsoft.playwright.Page.navigate(Page.java:5282)
at genericFunctions.PlaywrightFactory.initBrowser(PlaywrightFactory.java:101)
at Stepdefinitions.Hooks.getProperty(Hooks.java:32)
at java.base/jdk.internal.reflect.NativeMethodAccessorImpl.invoke0(Native Method)
at java.base/jdk.internal.reflect.NativeMethodAccessorImpl.invoke(NativeMethodAccessorImpl.java:77)
at java.base/jdk.internal.reflect.DelegatingMethodAccessorImpl.invoke(DelegatingMethodAccessorImpl.java:43)
at java.base/java.lang.reflect.Method.invoke(Method.java:568)
at io.cucumber.java.Invoker.doInvoke(Invoker.java:66)
at io.cucumber.java.Invoker.invoke(Invoker.java:24)
at io.cucumber.java.AbstractGlueDefinition.invokeMethod(AbstractGlueDefinition.java:47)
at io.cucumber.java.JavaHookDefinition.execute(JavaHookDefinition.java:59)
at io.cucumber.core.runner.CoreHookDefinition.execute(CoreHookDefinition.java:46)
at io.cucumber.core.runner.HookDefinitionMatch.runStep(HookDefinitionMatch.java:21)
at io.cucumber.core.runner.ExecutionMode$1.execute(ExecutionMode.java:10)
at io.cucumber.core.runner.TestStep.executeStep(TestStep.java:92)
at io.cucumber.core.runner.TestStep.run(TestStep.java:64)
at io.cucumber.core.runner.TestCase.run(TestCase.java:98)
at io.cucumber.core.runner.Runner.runPickle(Runner.java:71)
at io.cucumber.testng.TestNGCucumberRunner.lambda$runScenario$0(TestNGCucumberRunner.java:116)
at io.cucumber.core.runtime.CucumberExecutionContext.runTestCase(CucumberExecutionContext.java:117)
at io.cucumber.testng.TestNGCucumberRunner.runScenario(TestNGCucumberRunner.java:113)
at io.cucumber.testng.AbstractTestNGCucumberTests.runScenario(AbstractTestNGCucumberTests.java:31)
at java.base/jdk.internal.reflect.NativeMethodAccessorImpl.invoke0(Native Method)
at java.base/jdk.internal.reflect.NativeMethodAccessorImpl.invoke(NativeMethodAccessorImpl.java:77)
at java.base/jdk.internal.reflect.DelegatingMethodAccessorImpl.invoke(DelegatingMethodAccessorImpl.java:43)
at java.base/java.lang.reflect.Method.invoke(Method.java:568)
at org.testng.internal.MethodInvocationHelper.invokeMethod(MethodInvocationHelper.java:133)
at org.testng.internal.TestInvoker.invokeMethod(TestInvoker.java:598)
at org.testng.internal.TestInvoker.invokeTestMethod(TestInvoker.java:173)
at org.testng.internal.MethodRunner.runInSequence(MethodRunner.java:46)
at org.testng.internal.TestInvoker$MethodInvocationAgent.invoke(TestInvoker.java:824)
at org.testng.internal.TestInvoker.invokeTestMethods(TestInvoker.java:146)
at org.testng.internal.TestMethodWorker.invokeTestMethods(TestMethodWorker.java:146)
at org.testng.internal.TestMethodWorker.run(TestMethodWorker.java:128)
at java.base/java.util.concurrent.ThreadPoolExecutor.runWorker(ThreadPoolExecutor.java:1136)
at java.base/java.util.concurrent.ThreadPoolExecutor$Worker.run(ThreadPoolExecutor.java:635)
at java.base/java.lang.Thread.run(Thread.java:833)
]]>
    </error>
  </testcase> <!-- runScenario -->
  <system-out/>
  <testcase classname="runner.StudentTestRunner4" name="runScenario" time="82.005">
    <error message="Error {
  message=&#039;Timeout 50000ms exceeded.
=========================== logs ===========================
navigating to &quot;https://sisclientweb-900070.campusnexus.cloud/&quot;, waiting until &quot;load&quot;
============================================================
  name=&#039;TimeoutError
  stack=&#039;TimeoutError: Timeout 50000ms exceeded.
=========================== logs ===========================
navigating to &quot;https://sisclientweb-900070.campusnexus.cloud/&quot;, waiting until &quot;load&quot;
============================================================
    at ProgressController.run (C:\Users\SnehaV\AppData\Local\Temp\playwright-java-3452271969394814516\package\lib\server\progress.js:88:26)
    at Frame.goto (C:\Users\SnehaV\AppData\Local\Temp\playwright-java-3452271969394814516\package\lib\server\frames.js:521:23)
    at FrameDispatcher.goto (C:\Users\SnehaV\AppData\Local\Temp\playwright-java-3452271969394814516\package\lib\server\dispatchers\frameDispatcher.js:75:121)
    at DispatcherConnection.dispatch (C:\Users\SnehaV\AppData\Local\Temp\playwright-java-3452271969394814516\package\lib\server\dispatchers\dispatcher.js:312:46)
}" type="com.microsoft.playwright.TimeoutError">
      <![CDATA[com.microsoft.playwright.TimeoutError: Error {
  message='Timeout 50000ms exceeded.
=========================== logs ===========================
navigating to "https://sisclientweb-900070.campusnexus.cloud/", waiting until "load"
============================================================
  name='TimeoutError
  stack='TimeoutError: Timeout 50000ms exceeded.
=========================== logs ===========================
navigating to "https://sisclientweb-900070.campusnexus.cloud/", waiting until "load"
============================================================
    at ProgressController.run (C:\Users\SnehaV\AppData\Local\Temp\playwright-java-3452271969394814516\package\lib\server\progress.js:88:26)
    at Frame.goto (C:\Users\SnehaV\AppData\Local\Temp\playwright-java-3452271969394814516\package\lib\server\frames.js:521:23)
    at FrameDispatcher.goto (C:\Users\SnehaV\AppData\Local\Temp\playwright-java-3452271969394814516\package\lib\server\dispatchers\frameDispatcher.js:75:121)
    at DispatcherConnection.dispatch (C:\Users\SnehaV\AppData\Local\Temp\playwright-java-3452271969394814516\package\lib\server\dispatchers\dispatcher.js:312:46)
}
at com.microsoft.playwright.impl.WaitableResult.get(WaitableResult.java:52)
at com.microsoft.playwright.impl.ChannelOwner.runUntil(ChannelOwner.java:111)
at com.microsoft.playwright.impl.Connection.sendMessage(Connection.java:126)
at com.microsoft.playwright.impl.ChannelOwner.sendMessage(ChannelOwner.java:102)
at com.microsoft.playwright.impl.FrameImpl.navigateImpl(FrameImpl.java:463)
at com.microsoft.playwright.impl.PageImpl.lambda$navigate$45(PageImpl.java:836)
at com.microsoft.playwright.impl.LoggingSupport.withLogging(LoggingSupport.java:47)
at com.microsoft.playwright.impl.ChannelOwner.withLogging(ChannelOwner.java:87)
at com.microsoft.playwright.impl.PageImpl.navigate(PageImpl.java:836)
at com.microsoft.playwright.impl.PageImpl.navigate(PageImpl.java:42)
at com.microsoft.playwright.Page.navigate(Page.java:5282)
at genericFunctions.PlaywrightFactory.initBrowser(PlaywrightFactory.java:101)
at Stepdefinitions.Hooks.getProperty(Hooks.java:32)
Caused by: com.microsoft.playwright.TimeoutError: Error {
  message='Timeout 50000ms exceeded.
=========================== logs ===========================
navigating to "https://sisclientweb-900070.campusnexus.cloud/", waiting until "load"
============================================================
  name='TimeoutError
  stack='TimeoutError: Timeout 50000ms exceeded.
=========================== logs ===========================
navigating to "https://sisclientweb-900070.campusnexus.cloud/", waiting until "load"
============================================================
    at ProgressController.run (C:\Users\SnehaV\AppData\Local\Temp\playwright-java-3452271969394814516\package\lib\server\progress.js:88:26)
    at Frame.goto (C:\Users\SnehaV\AppData\Local\Temp\playwright-java-3452271969394814516\package\lib\server\frames.js:521:23)
    at FrameDispatcher.goto (C:\Users\SnehaV\AppData\Local\Temp\playwright-java-3452271969394814516\package\lib\server\dispatchers\frameDispatcher.js:75:121)
    at DispatcherConnection.dispatch (C:\Users\SnehaV\AppData\Local\Temp\playwright-java-3452271969394814516\package\lib\server\dispatchers\dispatcher.js:312:46)
}
at com.microsoft.playwright.impl.Connection.dispatch(Connection.java:224)
at com.microsoft.playwright.impl.Connection.processOneMessage(Connection.java:206)
at com.microsoft.playwright.impl.ChannelOwner.runUntil(ChannelOwner.java:109)
at com.microsoft.playwright.impl.Connection.sendMessage(Connection.java:126)
at com.microsoft.playwright.impl.ChannelOwner.sendMessage(ChannelOwner.java:102)
at com.microsoft.playwright.impl.FrameImpl.navigateImpl(FrameImpl.java:463)
at com.microsoft.playwright.impl.PageImpl.lambda$navigate$45(PageImpl.java:836)
at com.microsoft.playwright.impl.LoggingSupport.withLogging(LoggingSupport.java:47)
at com.microsoft.playwright.impl.ChannelOwner.withLogging(ChannelOwner.java:87)
at com.microsoft.playwright.impl.PageImpl.navigate(PageImpl.java:836)
at com.microsoft.playwright.impl.PageImpl.navigate(PageImpl.java:42)
at com.microsoft.playwright.Page.navigate(Page.java:5282)
at genericFunctions.PlaywrightFactory.initBrowser(PlaywrightFactory.java:101)
at Stepdefinitions.Hooks.getProperty(Hooks.java:32)
at java.base/jdk.internal.reflect.NativeMethodAccessorImpl.invoke0(Native Method)
at java.base/jdk.internal.reflect.NativeMethodAccessorImpl.invoke(NativeMethodAccessorImpl.java:77)
at java.base/jdk.internal.reflect.DelegatingMethodAccessorImpl.invoke(DelegatingMethodAccessorImpl.java:43)
at java.base/java.lang.reflect.Method.invoke(Method.java:568)
at io.cucumber.java.Invoker.doInvoke(Invoker.java:66)
at io.cucumber.java.Invoker.invoke(Invoker.java:24)
at io.cucumber.java.AbstractGlueDefinition.invokeMethod(AbstractGlueDefinition.java:47)
at io.cucumber.java.JavaHookDefinition.execute(JavaHookDefinition.java:59)
at io.cucumber.core.runner.CoreHookDefinition.execute(CoreHookDefinition.java:46)
at io.cucumber.core.runner.HookDefinitionMatch.runStep(HookDefinitionMatch.java:21)
at io.cucumber.core.runner.ExecutionMode$1.execute(ExecutionMode.java:10)
at io.cucumber.core.runner.TestStep.executeStep(TestStep.java:92)
at io.cucumber.core.runner.TestStep.run(TestStep.java:64)
at io.cucumber.core.runner.TestCase.run(TestCase.java:98)
at io.cucumber.core.runner.Runner.runPickle(Runner.java:71)
at io.cucumber.testng.TestNGCucumberRunner.lambda$runScenario$0(TestNGCucumberRunner.java:116)
at io.cucumber.core.runtime.CucumberExecutionContext.runTestCase(CucumberExecutionContext.java:117)
at io.cucumber.testng.TestNGCucumberRunner.runScenario(TestNGCucumberRunner.java:113)
at io.cucumber.testng.AbstractTestNGCucumberTests.runScenario(AbstractTestNGCucumberTests.java:31)
at java.base/jdk.internal.reflect.NativeMethodAccessorImpl.invoke0(Native Method)
at java.base/jdk.internal.reflect.NativeMethodAccessorImpl.invoke(NativeMethodAccessorImpl.java:77)
at java.base/jdk.internal.reflect.DelegatingMethodAccessorImpl.invoke(DelegatingMethodAccessorImpl.java:43)
at java.base/java.lang.reflect.Method.invoke(Method.java:568)
at org.testng.internal.MethodInvocationHelper.invokeMethod(MethodInvocationHelper.java:133)
at org.testng.internal.TestInvoker.invokeMethod(TestInvoker.java:598)
at org.testng.internal.TestInvoker.invokeTestMethod(TestInvoker.java:173)
at org.testng.internal.MethodRunner.runInSequence(MethodRunner.java:46)
at org.testng.internal.TestInvoker$MethodInvocationAgent.invoke(TestInvoker.java:824)
at org.testng.internal.TestInvoker.invokeTestMethods(TestInvoker.java:146)
at org.testng.internal.TestMethodWorker.invokeTestMethods(TestMethodWorker.java:146)
at org.testng.internal.TestMethodWorker.run(TestMethodWorker.java:128)
at java.base/java.util.concurrent.ThreadPoolExecutor.runWorker(ThreadPoolExecutor.java:1136)
at java.base/java.util.concurrent.ThreadPoolExecutor$Worker.run(ThreadPoolExecutor.java:635)
at java.base/java.lang.Thread.run(Thread.java:833)
]]>
    </error>
  </testcase> <!-- runScenario -->
  <system-out/>
  <testcase classname="runner.StudentTestRunner4" name="runScenario" time="93.683">
    <error message="Error {
  message=&#039;Timeout 50000ms exceeded.
=========================== logs ===========================
navigating to &quot;https://sisclientweb-900070.campusnexus.cloud/&quot;, waiting until &quot;load&quot;
============================================================
  name=&#039;TimeoutError
  stack=&#039;TimeoutError: Timeout 50000ms exceeded.
=========================== logs ===========================
navigating to &quot;https://sisclientweb-900070.campusnexus.cloud/&quot;, waiting until &quot;load&quot;
============================================================
    at ProgressController.run (C:\Users\SnehaV\AppData\Local\Temp\playwright-java-3452271969394814516\package\lib\server\progress.js:88:26)
    at Frame.goto (C:\Users\SnehaV\AppData\Local\Temp\playwright-java-3452271969394814516\package\lib\server\frames.js:521:23)
    at FrameDispatcher.goto (C:\Users\SnehaV\AppData\Local\Temp\playwright-java-3452271969394814516\package\lib\server\dispatchers\frameDispatcher.js:75:121)
    at DispatcherConnection.dispatch (C:\Users\SnehaV\AppData\Local\Temp\playwright-java-3452271969394814516\package\lib\server\dispatchers\dispatcher.js:312:46)
}" type="com.microsoft.playwright.TimeoutError">
      <![CDATA[com.microsoft.playwright.TimeoutError: Error {
  message='Timeout 50000ms exceeded.
=========================== logs ===========================
navigating to "https://sisclientweb-900070.campusnexus.cloud/", waiting until "load"
============================================================
  name='TimeoutError
  stack='TimeoutError: Timeout 50000ms exceeded.
=========================== logs ===========================
navigating to "https://sisclientweb-900070.campusnexus.cloud/", waiting until "load"
============================================================
    at ProgressController.run (C:\Users\SnehaV\AppData\Local\Temp\playwright-java-3452271969394814516\package\lib\server\progress.js:88:26)
    at Frame.goto (C:\Users\SnehaV\AppData\Local\Temp\playwright-java-3452271969394814516\package\lib\server\frames.js:521:23)
    at FrameDispatcher.goto (C:\Users\SnehaV\AppData\Local\Temp\playwright-java-3452271969394814516\package\lib\server\dispatchers\frameDispatcher.js:75:121)
    at DispatcherConnection.dispatch (C:\Users\SnehaV\AppData\Local\Temp\playwright-java-3452271969394814516\package\lib\server\dispatchers\dispatcher.js:312:46)
}
at com.microsoft.playwright.impl.WaitableResult.get(WaitableResult.java:52)
at com.microsoft.playwright.impl.ChannelOwner.runUntil(ChannelOwner.java:111)
at com.microsoft.playwright.impl.Connection.sendMessage(Connection.java:126)
at com.microsoft.playwright.impl.ChannelOwner.sendMessage(ChannelOwner.java:102)
at com.microsoft.playwright.impl.FrameImpl.navigateImpl(FrameImpl.java:463)
at com.microsoft.playwright.impl.PageImpl.lambda$navigate$45(PageImpl.java:836)
at com.microsoft.playwright.impl.LoggingSupport.withLogging(LoggingSupport.java:47)
at com.microsoft.playwright.impl.ChannelOwner.withLogging(ChannelOwner.java:87)
at com.microsoft.playwright.impl.PageImpl.navigate(PageImpl.java:836)
at com.microsoft.playwright.impl.PageImpl.navigate(PageImpl.java:42)
at com.microsoft.playwright.Page.navigate(Page.java:5282)
at genericFunctions.PlaywrightFactory.initBrowser(PlaywrightFactory.java:101)
at Stepdefinitions.Hooks.getProperty(Hooks.java:32)
Caused by: com.microsoft.playwright.TimeoutError: Error {
  message='Timeout 50000ms exceeded.
=========================== logs ===========================
navigating to "https://sisclientweb-900070.campusnexus.cloud/", waiting until "load"
============================================================
  name='TimeoutError
  stack='TimeoutError: Timeout 50000ms exceeded.
=========================== logs ===========================
navigating to "https://sisclientweb-900070.campusnexus.cloud/", waiting until "load"
============================================================
    at ProgressController.run (C:\Users\SnehaV\AppData\Local\Temp\playwright-java-3452271969394814516\package\lib\server\progress.js:88:26)
    at Frame.goto (C:\Users\SnehaV\AppData\Local\Temp\playwright-java-3452271969394814516\package\lib\server\frames.js:521:23)
    at FrameDispatcher.goto (C:\Users\SnehaV\AppData\Local\Temp\playwright-java-3452271969394814516\package\lib\server\dispatchers\frameDispatcher.js:75:121)
    at DispatcherConnection.dispatch (C:\Users\SnehaV\AppData\Local\Temp\playwright-java-3452271969394814516\package\lib\server\dispatchers\dispatcher.js:312:46)
}
at com.microsoft.playwright.impl.Connection.dispatch(Connection.java:224)
at com.microsoft.playwright.impl.Connection.processOneMessage(Connection.java:206)
at com.microsoft.playwright.impl.ChannelOwner.runUntil(ChannelOwner.java:109)
at com.microsoft.playwright.impl.Connection.sendMessage(Connection.java:126)
at com.microsoft.playwright.impl.ChannelOwner.sendMessage(ChannelOwner.java:102)
at com.microsoft.playwright.impl.FrameImpl.navigateImpl(FrameImpl.java:463)
at com.microsoft.playwright.impl.PageImpl.lambda$navigate$45(PageImpl.java:836)
at com.microsoft.playwright.impl.LoggingSupport.withLogging(LoggingSupport.java:47)
at com.microsoft.playwright.impl.ChannelOwner.withLogging(ChannelOwner.java:87)
at com.microsoft.playwright.impl.PageImpl.navigate(PageImpl.java:836)
at com.microsoft.playwright.impl.PageImpl.navigate(PageImpl.java:42)
at com.microsoft.playwright.Page.navigate(Page.java:5282)
at genericFunctions.PlaywrightFactory.initBrowser(PlaywrightFactory.java:101)
at Stepdefinitions.Hooks.getProperty(Hooks.java:32)
at java.base/jdk.internal.reflect.NativeMethodAccessorImpl.invoke0(Native Method)
at java.base/jdk.internal.reflect.NativeMethodAccessorImpl.invoke(NativeMethodAccessorImpl.java:77)
at java.base/jdk.internal.reflect.DelegatingMethodAccessorImpl.invoke(DelegatingMethodAccessorImpl.java:43)
at java.base/java.lang.reflect.Method.invoke(Method.java:568)
at io.cucumber.java.Invoker.doInvoke(Invoker.java:66)
at io.cucumber.java.Invoker.invoke(Invoker.java:24)
at io.cucumber.java.AbstractGlueDefinition.invokeMethod(AbstractGlueDefinition.java:47)
at io.cucumber.java.JavaHookDefinition.execute(JavaHookDefinition.java:59)
at io.cucumber.core.runner.CoreHookDefinition.execute(CoreHookDefinition.java:46)
at io.cucumber.core.runner.HookDefinitionMatch.runStep(HookDefinitionMatch.java:21)
at io.cucumber.core.runner.ExecutionMode$1.execute(ExecutionMode.java:10)
at io.cucumber.core.runner.TestStep.executeStep(TestStep.java:92)
at io.cucumber.core.runner.TestStep.run(TestStep.java:64)
at io.cucumber.core.runner.TestCase.run(TestCase.java:98)
at io.cucumber.core.runner.Runner.runPickle(Runner.java:71)
at io.cucumber.testng.TestNGCucumberRunner.lambda$runScenario$0(TestNGCucumberRunner.java:116)
at io.cucumber.core.runtime.CucumberExecutionContext.runTestCase(CucumberExecutionContext.java:117)
at io.cucumber.testng.TestNGCucumberRunner.runScenario(TestNGCucumberRunner.java:113)
at io.cucumber.testng.AbstractTestNGCucumberTests.runScenario(AbstractTestNGCucumberTests.java:31)
at java.base/jdk.internal.reflect.NativeMethodAccessorImpl.invoke0(Native Method)
at java.base/jdk.internal.reflect.NativeMethodAccessorImpl.invoke(NativeMethodAccessorImpl.java:77)
at java.base/jdk.internal.reflect.DelegatingMethodAccessorImpl.invoke(DelegatingMethodAccessorImpl.java:43)
at java.base/java.lang.reflect.Method.invoke(Method.java:568)
at org.testng.internal.MethodInvocationHelper.invokeMethod(MethodInvocationHelper.java:133)
at org.testng.internal.TestInvoker.invokeMethod(TestInvoker.java:598)
at org.testng.internal.TestInvoker.invokeTestMethod(TestInvoker.java:173)
at org.testng.internal.MethodRunner.runInSequence(MethodRunner.java:46)
at org.testng.internal.TestInvoker$MethodInvocationAgent.invoke(TestInvoker.java:824)
at org.testng.internal.TestInvoker.invokeTestMethods(TestInvoker.java:146)
at org.testng.internal.TestMethodWorker.invokeTestMethods(TestMethodWorker.java:146)
at org.testng.internal.TestMethodWorker.run(TestMethodWorker.java:128)
at java.base/java.util.concurrent.ThreadPoolExecutor.runWorker(ThreadPoolExecutor.java:1136)
at java.base/java.util.concurrent.ThreadPoolExecutor$Worker.run(ThreadPoolExecutor.java:635)
at java.base/java.lang.Thread.run(Thread.java:833)
]]>
    </error>
  </testcase> <!-- runScenario -->
  <system-out/>
  <testcase classname="runner.StudentTestRunner4" name="runScenario" time="81.832">
    <error message="Error {
  message=&#039;Timeout 50000ms exceeded.
=========================== logs ===========================
navigating to &quot;https://sisclientweb-900070.campusnexus.cloud/&quot;, waiting until &quot;load&quot;
============================================================
  name=&#039;TimeoutError
  stack=&#039;TimeoutError: Timeout 50000ms exceeded.
=========================== logs ===========================
navigating to &quot;https://sisclientweb-900070.campusnexus.cloud/&quot;, waiting until &quot;load&quot;
============================================================
    at ProgressController.run (C:\Users\SnehaV\AppData\Local\Temp\playwright-java-3452271969394814516\package\lib\server\progress.js:88:26)
    at Frame.goto (C:\Users\SnehaV\AppData\Local\Temp\playwright-java-3452271969394814516\package\lib\server\frames.js:521:23)
    at FrameDispatcher.goto (C:\Users\SnehaV\AppData\Local\Temp\playwright-java-3452271969394814516\package\lib\server\dispatchers\frameDispatcher.js:75:121)
    at DispatcherConnection.dispatch (C:\Users\SnehaV\AppData\Local\Temp\playwright-java-3452271969394814516\package\lib\server\dispatchers\dispatcher.js:312:46)
}" type="com.microsoft.playwright.TimeoutError">
      <![CDATA[com.microsoft.playwright.TimeoutError: Error {
  message='Timeout 50000ms exceeded.
=========================== logs ===========================
navigating to "https://sisclientweb-900070.campusnexus.cloud/", waiting until "load"
============================================================
  name='TimeoutError
  stack='TimeoutError: Timeout 50000ms exceeded.
=========================== logs ===========================
navigating to "https://sisclientweb-900070.campusnexus.cloud/", waiting until "load"
============================================================
    at ProgressController.run (C:\Users\SnehaV\AppData\Local\Temp\playwright-java-3452271969394814516\package\lib\server\progress.js:88:26)
    at Frame.goto (C:\Users\SnehaV\AppData\Local\Temp\playwright-java-3452271969394814516\package\lib\server\frames.js:521:23)
    at FrameDispatcher.goto (C:\Users\SnehaV\AppData\Local\Temp\playwright-java-3452271969394814516\package\lib\server\dispatchers\frameDispatcher.js:75:121)
    at DispatcherConnection.dispatch (C:\Users\SnehaV\AppData\Local\Temp\playwright-java-3452271969394814516\package\lib\server\dispatchers\dispatcher.js:312:46)
}
at com.microsoft.playwright.impl.WaitableResult.get(WaitableResult.java:52)
at com.microsoft.playwright.impl.ChannelOwner.runUntil(ChannelOwner.java:111)
at com.microsoft.playwright.impl.Connection.sendMessage(Connection.java:126)
at com.microsoft.playwright.impl.ChannelOwner.sendMessage(ChannelOwner.java:102)
at com.microsoft.playwright.impl.FrameImpl.navigateImpl(FrameImpl.java:463)
at com.microsoft.playwright.impl.PageImpl.lambda$navigate$45(PageImpl.java:836)
at com.microsoft.playwright.impl.LoggingSupport.withLogging(LoggingSupport.java:47)
at com.microsoft.playwright.impl.ChannelOwner.withLogging(ChannelOwner.java:87)
at com.microsoft.playwright.impl.PageImpl.navigate(PageImpl.java:836)
at com.microsoft.playwright.impl.PageImpl.navigate(PageImpl.java:42)
at com.microsoft.playwright.Page.navigate(Page.java:5282)
at genericFunctions.PlaywrightFactory.initBrowser(PlaywrightFactory.java:101)
at Stepdefinitions.Hooks.getProperty(Hooks.java:32)
Caused by: com.microsoft.playwright.TimeoutError: Error {
  message='Timeout 50000ms exceeded.
=========================== logs ===========================
navigating to "https://sisclientweb-900070.campusnexus.cloud/", waiting until "load"
============================================================
  name='TimeoutError
  stack='TimeoutError: Timeout 50000ms exceeded.
=========================== logs ===========================
navigating to "https://sisclientweb-900070.campusnexus.cloud/", waiting until "load"
============================================================
    at ProgressController.run (C:\Users\SnehaV\AppData\Local\Temp\playwright-java-3452271969394814516\package\lib\server\progress.js:88:26)
    at Frame.goto (C:\Users\SnehaV\AppData\Local\Temp\playwright-java-3452271969394814516\package\lib\server\frames.js:521:23)
    at FrameDispatcher.goto (C:\Users\SnehaV\AppData\Local\Temp\playwright-java-3452271969394814516\package\lib\server\dispatchers\frameDispatcher.js:75:121)
    at DispatcherConnection.dispatch (C:\Users\SnehaV\AppData\Local\Temp\playwright-java-3452271969394814516\package\lib\server\dispatchers\dispatcher.js:312:46)
}
at com.microsoft.playwright.impl.Connection.dispatch(Connection.java:224)
at com.microsoft.playwright.impl.Connection.processOneMessage(Connection.java:206)
at com.microsoft.playwright.impl.ChannelOwner.runUntil(ChannelOwner.java:109)
at com.microsoft.playwright.impl.Connection.sendMessage(Connection.java:126)
at com.microsoft.playwright.impl.ChannelOwner.sendMessage(ChannelOwner.java:102)
at com.microsoft.playwright.impl.FrameImpl.navigateImpl(FrameImpl.java:463)
at com.microsoft.playwright.impl.PageImpl.lambda$navigate$45(PageImpl.java:836)
at com.microsoft.playwright.impl.LoggingSupport.withLogging(LoggingSupport.java:47)
at com.microsoft.playwright.impl.ChannelOwner.withLogging(ChannelOwner.java:87)
at com.microsoft.playwright.impl.PageImpl.navigate(PageImpl.java:836)
at com.microsoft.playwright.impl.PageImpl.navigate(PageImpl.java:42)
at com.microsoft.playwright.Page.navigate(Page.java:5282)
at genericFunctions.PlaywrightFactory.initBrowser(PlaywrightFactory.java:101)
at Stepdefinitions.Hooks.getProperty(Hooks.java:32)
at java.base/jdk.internal.reflect.NativeMethodAccessorImpl.invoke0(Native Method)
at java.base/jdk.internal.reflect.NativeMethodAccessorImpl.invoke(NativeMethodAccessorImpl.java:77)
at java.base/jdk.internal.reflect.DelegatingMethodAccessorImpl.invoke(DelegatingMethodAccessorImpl.java:43)
at java.base/java.lang.reflect.Method.invoke(Method.java:568)
at io.cucumber.java.Invoker.doInvoke(Invoker.java:66)
at io.cucumber.java.Invoker.invoke(Invoker.java:24)
at io.cucumber.java.AbstractGlueDefinition.invokeMethod(AbstractGlueDefinition.java:47)
at io.cucumber.java.JavaHookDefinition.execute(JavaHookDefinition.java:59)
at io.cucumber.core.runner.CoreHookDefinition.execute(CoreHookDefinition.java:46)
at io.cucumber.core.runner.HookDefinitionMatch.runStep(HookDefinitionMatch.java:21)
at io.cucumber.core.runner.ExecutionMode$1.execute(ExecutionMode.java:10)
at io.cucumber.core.runner.TestStep.executeStep(TestStep.java:92)
at io.cucumber.core.runner.TestStep.run(TestStep.java:64)
at io.cucumber.core.runner.TestCase.run(TestCase.java:98)
at io.cucumber.core.runner.Runner.runPickle(Runner.java:71)
at io.cucumber.testng.TestNGCucumberRunner.lambda$runScenario$0(TestNGCucumberRunner.java:116)
at io.cucumber.core.runtime.CucumberExecutionContext.runTestCase(CucumberExecutionContext.java:117)
at io.cucumber.testng.TestNGCucumberRunner.runScenario(TestNGCucumberRunner.java:113)
at io.cucumber.testng.AbstractTestNGCucumberTests.runScenario(AbstractTestNGCucumberTests.java:31)
at java.base/jdk.internal.reflect.NativeMethodAccessorImpl.invoke0(Native Method)
at java.base/jdk.internal.reflect.NativeMethodAccessorImpl.invoke(NativeMethodAccessorImpl.java:77)
at java.base/jdk.internal.reflect.DelegatingMethodAccessorImpl.invoke(DelegatingMethodAccessorImpl.java:43)
at java.base/java.lang.reflect.Method.invoke(Method.java:568)
at org.testng.internal.MethodInvocationHelper.invokeMethod(MethodInvocationHelper.java:133)
at org.testng.internal.TestInvoker.invokeMethod(TestInvoker.java:598)
at org.testng.internal.TestInvoker.invokeTestMethod(TestInvoker.java:173)
at org.testng.internal.MethodRunner.runInSequence(MethodRunner.java:46)
at org.testng.internal.TestInvoker$MethodInvocationAgent.invoke(TestInvoker.java:824)
at org.testng.internal.TestInvoker.invokeTestMethods(TestInvoker.java:146)
at org.testng.internal.TestMethodWorker.invokeTestMethods(TestMethodWorker.java:146)
at org.testng.internal.TestMethodWorker.run(TestMethodWorker.java:128)
at java.base/java.util.concurrent.ThreadPoolExecutor.runWorker(ThreadPoolExecutor.java:1136)
at java.base/java.util.concurrent.ThreadPoolExecutor$Worker.run(ThreadPoolExecutor.java:635)
at java.base/java.lang.Thread.run(Thread.java:833)
]]>
    </error>
  </testcase> <!-- runScenario -->
  <system-out/>
  <testcase classname="runner.StudentTestRunner4" name="runScenario" time="193.348"/>
  <system-out/>
  <testcase classname="runner.StudentTestRunner4" name="runScenario" time="82.224">
    <error message="Error {
  message=&#039;Timeout 50000ms exceeded.
=========================== logs ===========================
navigating to &quot;https://sisclientweb-900070.campusnexus.cloud/&quot;, waiting until &quot;load&quot;
============================================================
  name=&#039;TimeoutError
  stack=&#039;TimeoutError: Timeout 50000ms exceeded.
=========================== logs ===========================
navigating to &quot;https://sisclientweb-900070.campusnexus.cloud/&quot;, waiting until &quot;load&quot;
============================================================
    at ProgressController.run (C:\Users\SnehaV\AppData\Local\Temp\playwright-java-3452271969394814516\package\lib\server\progress.js:88:26)
    at Frame.goto (C:\Users\SnehaV\AppData\Local\Temp\playwright-java-3452271969394814516\package\lib\server\frames.js:521:23)
    at FrameDispatcher.goto (C:\Users\SnehaV\AppData\Local\Temp\playwright-java-3452271969394814516\package\lib\server\dispatchers\frameDispatcher.js:75:121)
    at DispatcherConnection.dispatch (C:\Users\SnehaV\AppData\Local\Temp\playwright-java-3452271969394814516\package\lib\server\dispatchers\dispatcher.js:312:46)
}" type="com.microsoft.playwright.TimeoutError">
      <![CDATA[com.microsoft.playwright.TimeoutError: Error {
  message='Timeout 50000ms exceeded.
=========================== logs ===========================
navigating to "https://sisclientweb-900070.campusnexus.cloud/", waiting until "load"
============================================================
  name='TimeoutError
  stack='TimeoutError: Timeout 50000ms exceeded.
=========================== logs ===========================
navigating to "https://sisclientweb-900070.campusnexus.cloud/", waiting until "load"
============================================================
    at ProgressController.run (C:\Users\SnehaV\AppData\Local\Temp\playwright-java-3452271969394814516\package\lib\server\progress.js:88:26)
    at Frame.goto (C:\Users\SnehaV\AppData\Local\Temp\playwright-java-3452271969394814516\package\lib\server\frames.js:521:23)
    at FrameDispatcher.goto (C:\Users\SnehaV\AppData\Local\Temp\playwright-java-3452271969394814516\package\lib\server\dispatchers\frameDispatcher.js:75:121)
    at DispatcherConnection.dispatch (C:\Users\SnehaV\AppData\Local\Temp\playwright-java-3452271969394814516\package\lib\server\dispatchers\dispatcher.js:312:46)
}
at com.microsoft.playwright.impl.WaitableResult.get(WaitableResult.java:52)
at com.microsoft.playwright.impl.ChannelOwner.runUntil(ChannelOwner.java:111)
at com.microsoft.playwright.impl.Connection.sendMessage(Connection.java:126)
at com.microsoft.playwright.impl.ChannelOwner.sendMessage(ChannelOwner.java:102)
at com.microsoft.playwright.impl.FrameImpl.navigateImpl(FrameImpl.java:463)
at com.microsoft.playwright.impl.PageImpl.lambda$navigate$45(PageImpl.java:836)
at com.microsoft.playwright.impl.LoggingSupport.withLogging(LoggingSupport.java:47)
at com.microsoft.playwright.impl.ChannelOwner.withLogging(ChannelOwner.java:87)
at com.microsoft.playwright.impl.PageImpl.navigate(PageImpl.java:836)
at com.microsoft.playwright.impl.PageImpl.navigate(PageImpl.java:42)
at com.microsoft.playwright.Page.navigate(Page.java:5282)
at genericFunctions.PlaywrightFactory.initBrowser(PlaywrightFactory.java:101)
at Stepdefinitions.Hooks.getProperty(Hooks.java:32)
Caused by: com.microsoft.playwright.TimeoutError: Error {
  message='Timeout 50000ms exceeded.
=========================== logs ===========================
navigating to "https://sisclientweb-900070.campusnexus.cloud/", waiting until "load"
============================================================
  name='TimeoutError
  stack='TimeoutError: Timeout 50000ms exceeded.
=========================== logs ===========================
navigating to "https://sisclientweb-900070.campusnexus.cloud/", waiting until "load"
============================================================
    at ProgressController.run (C:\Users\SnehaV\AppData\Local\Temp\playwright-java-3452271969394814516\package\lib\server\progress.js:88:26)
    at Frame.goto (C:\Users\SnehaV\AppData\Local\Temp\playwright-java-3452271969394814516\package\lib\server\frames.js:521:23)
    at FrameDispatcher.goto (C:\Users\SnehaV\AppData\Local\Temp\playwright-java-3452271969394814516\package\lib\server\dispatchers\frameDispatcher.js:75:121)
    at DispatcherConnection.dispatch (C:\Users\SnehaV\AppData\Local\Temp\playwright-java-3452271969394814516\package\lib\server\dispatchers\dispatcher.js:312:46)
}
at com.microsoft.playwright.impl.Connection.dispatch(Connection.java:224)
at com.microsoft.playwright.impl.Connection.processOneMessage(Connection.java:206)
at com.microsoft.playwright.impl.ChannelOwner.runUntil(ChannelOwner.java:109)
at com.microsoft.playwright.impl.Connection.sendMessage(Connection.java:126)
at com.microsoft.playwright.impl.ChannelOwner.sendMessage(ChannelOwner.java:102)
at com.microsoft.playwright.impl.FrameImpl.navigateImpl(FrameImpl.java:463)
at com.microsoft.playwright.impl.PageImpl.lambda$navigate$45(PageImpl.java:836)
at com.microsoft.playwright.impl.LoggingSupport.withLogging(LoggingSupport.java:47)
at com.microsoft.playwright.impl.ChannelOwner.withLogging(ChannelOwner.java:87)
at com.microsoft.playwright.impl.PageImpl.navigate(PageImpl.java:836)
at com.microsoft.playwright.impl.PageImpl.navigate(PageImpl.java:42)
at com.microsoft.playwright.Page.navigate(Page.java:5282)
at genericFunctions.PlaywrightFactory.initBrowser(PlaywrightFactory.java:101)
at Stepdefinitions.Hooks.getProperty(Hooks.java:32)
at java.base/jdk.internal.reflect.NativeMethodAccessorImpl.invoke0(Native Method)
at java.base/jdk.internal.reflect.NativeMethodAccessorImpl.invoke(NativeMethodAccessorImpl.java:77)
at java.base/jdk.internal.reflect.DelegatingMethodAccessorImpl.invoke(DelegatingMethodAccessorImpl.java:43)
at java.base/java.lang.reflect.Method.invoke(Method.java:568)
at io.cucumber.java.Invoker.doInvoke(Invoker.java:66)
at io.cucumber.java.Invoker.invoke(Invoker.java:24)
at io.cucumber.java.AbstractGlueDefinition.invokeMethod(AbstractGlueDefinition.java:47)
at io.cucumber.java.JavaHookDefinition.execute(JavaHookDefinition.java:59)
at io.cucumber.core.runner.CoreHookDefinition.execute(CoreHookDefinition.java:46)
at io.cucumber.core.runner.HookDefinitionMatch.runStep(HookDefinitionMatch.java:21)
at io.cucumber.core.runner.ExecutionMode$1.execute(ExecutionMode.java:10)
at io.cucumber.core.runner.TestStep.executeStep(TestStep.java:92)
at io.cucumber.core.runner.TestStep.run(TestStep.java:64)
at io.cucumber.core.runner.TestCase.run(TestCase.java:98)
at io.cucumber.core.runner.Runner.runPickle(Runner.java:71)
at io.cucumber.testng.TestNGCucumberRunner.lambda$runScenario$0(TestNGCucumberRunner.java:116)
at io.cucumber.core.runtime.CucumberExecutionContext.runTestCase(CucumberExecutionContext.java:117)
at io.cucumber.testng.TestNGCucumberRunner.runScenario(TestNGCucumberRunner.java:113)
at io.cucumber.testng.AbstractTestNGCucumberTests.runScenario(AbstractTestNGCucumberTests.java:31)
at java.base/jdk.internal.reflect.NativeMethodAccessorImpl.invoke0(Native Method)
at java.base/jdk.internal.reflect.NativeMethodAccessorImpl.invoke(NativeMethodAccessorImpl.java:77)
at java.base/jdk.internal.reflect.DelegatingMethodAccessorImpl.invoke(DelegatingMethodAccessorImpl.java:43)
at java.base/java.lang.reflect.Method.invoke(Method.java:568)
at org.testng.internal.MethodInvocationHelper.invokeMethod(MethodInvocationHelper.java:133)
at org.testng.internal.TestInvoker.invokeMethod(TestInvoker.java:598)
at org.testng.internal.TestInvoker.invokeTestMethod(TestInvoker.java:173)
at org.testng.internal.MethodRunner.runInSequence(MethodRunner.java:46)
at org.testng.internal.TestInvoker$MethodInvocationAgent.invoke(TestInvoker.java:824)
at org.testng.internal.TestInvoker.invokeTestMethods(TestInvoker.java:146)
at org.testng.internal.TestMethodWorker.invokeTestMethods(TestMethodWorker.java:146)
at org.testng.internal.TestMethodWorker.run(TestMethodWorker.java:128)
at java.base/java.util.concurrent.ThreadPoolExecutor.runWorker(ThreadPoolExecutor.java:1136)
at java.base/java.util.concurrent.ThreadPoolExecutor$Worker.run(ThreadPoolExecutor.java:635)
at java.base/java.lang.Thread.run(Thread.java:833)
]]>
    </error>
  </testcase> <!-- runScenario -->
  <system-out/>
  <testcase classname="runner.StudentTestRunner4" name="runScenario" time="62.064">
    <error message="Error {
  message=&#039;net::ERR_TIMED_OUT at https://sisclientweb-900070.campusnexus.cloud/
=========================== logs ===========================
navigating to &quot;https://sisclientweb-900070.campusnexus.cloud/&quot;, waiting until &quot;load&quot;
============================================================
  name=&#039;Error
  stack=&#039;Error: net::ERR_TIMED_OUT at https://sisclientweb-900070.campusnexus.cloud/
=========================== logs ===========================
navigating to &quot;https://sisclientweb-900070.campusnexus.cloud/&quot;, waiting until &quot;load&quot;
============================================================
    at FrameSession._navigate (C:\Users\SnehaV\AppData\Local\Temp\playwright-java-3452271969394814516\package\lib\server\chromium\crPage.js:508:35)
    at async Frame._gotoAction (C:\Users\SnehaV\AppData\Local\Temp\playwright-java-3452271969394814516\package\lib\server\frames.js:538:28)
    at async ProgressController.run (C:\Users\SnehaV\AppData\Local\Temp\playwright-java-3452271969394814516\package\lib\server\progress.js:92:22)
    at async FrameDispatcher.goto (C:\Users\SnehaV\AppData\Local\Temp\playwright-java-3452271969394814516\package\lib\server\dispatchers\frameDispatcher.js:75:103)
    at async DispatcherConnection.dispatch (C:\Users\SnehaV\AppData\Local\Temp\playwright-java-3452271969394814516\package\lib\server\dispatchers\dispatcher.js:312:22)
}" type="com.microsoft.playwright.PlaywrightException">
      <![CDATA[com.microsoft.playwright.PlaywrightException: Error {
  message='net::ERR_TIMED_OUT at https://sisclientweb-900070.campusnexus.cloud/
=========================== logs ===========================
navigating to "https://sisclientweb-900070.campusnexus.cloud/", waiting until "load"
============================================================
  name='Error
  stack='Error: net::ERR_TIMED_OUT at https://sisclientweb-900070.campusnexus.cloud/
=========================== logs ===========================
navigating to "https://sisclientweb-900070.campusnexus.cloud/", waiting until "load"
============================================================
    at FrameSession._navigate (C:\Users\SnehaV\AppData\Local\Temp\playwright-java-3452271969394814516\package\lib\server\chromium\crPage.js:508:35)
    at async Frame._gotoAction (C:\Users\SnehaV\AppData\Local\Temp\playwright-java-3452271969394814516\package\lib\server\frames.js:538:28)
    at async ProgressController.run (C:\Users\SnehaV\AppData\Local\Temp\playwright-java-3452271969394814516\package\lib\server\progress.js:92:22)
    at async FrameDispatcher.goto (C:\Users\SnehaV\AppData\Local\Temp\playwright-java-3452271969394814516\package\lib\server\dispatchers\frameDispatcher.js:75:103)
    at async DispatcherConnection.dispatch (C:\Users\SnehaV\AppData\Local\Temp\playwright-java-3452271969394814516\package\lib\server\dispatchers\dispatcher.js:312:22)
}
at com.microsoft.playwright.impl.WaitableResult.get(WaitableResult.java:54)
at com.microsoft.playwright.impl.ChannelOwner.runUntil(ChannelOwner.java:111)
at com.microsoft.playwright.impl.Connection.sendMessage(Connection.java:126)
at com.microsoft.playwright.impl.ChannelOwner.sendMessage(ChannelOwner.java:102)
at com.microsoft.playwright.impl.FrameImpl.navigateImpl(FrameImpl.java:463)
at com.microsoft.playwright.impl.PageImpl.lambda$navigate$45(PageImpl.java:836)
at com.microsoft.playwright.impl.LoggingSupport.withLogging(LoggingSupport.java:47)
at com.microsoft.playwright.impl.ChannelOwner.withLogging(ChannelOwner.java:87)
at com.microsoft.playwright.impl.PageImpl.navigate(PageImpl.java:836)
at com.microsoft.playwright.impl.PageImpl.navigate(PageImpl.java:42)
at com.microsoft.playwright.Page.navigate(Page.java:5282)
at genericFunctions.PlaywrightFactory.initBrowser(PlaywrightFactory.java:101)
at Stepdefinitions.Hooks.getProperty(Hooks.java:32)
Caused by: com.microsoft.playwright.impl.DriverException: Error {
  message='net::ERR_TIMED_OUT at https://sisclientweb-900070.campusnexus.cloud/
=========================== logs ===========================
navigating to "https://sisclientweb-900070.campusnexus.cloud/", waiting until "load"
============================================================
  name='Error
  stack='Error: net::ERR_TIMED_OUT at https://sisclientweb-900070.campusnexus.cloud/
=========================== logs ===========================
navigating to "https://sisclientweb-900070.campusnexus.cloud/", waiting until "load"
============================================================
    at FrameSession._navigate (C:\Users\SnehaV\AppData\Local\Temp\playwright-java-3452271969394814516\package\lib\server\chromium\crPage.js:508:35)
    at async Frame._gotoAction (C:\Users\SnehaV\AppData\Local\Temp\playwright-java-3452271969394814516\package\lib\server\frames.js:538:28)
    at async ProgressController.run (C:\Users\SnehaV\AppData\Local\Temp\playwright-java-3452271969394814516\package\lib\server\progress.js:92:22)
    at async FrameDispatcher.goto (C:\Users\SnehaV\AppData\Local\Temp\playwright-java-3452271969394814516\package\lib\server\dispatchers\frameDispatcher.js:75:103)
    at async DispatcherConnection.dispatch (C:\Users\SnehaV\AppData\Local\Temp\playwright-java-3452271969394814516\package\lib\server\dispatchers\dispatcher.js:312:22)
}
at com.microsoft.playwright.impl.Connection.dispatch(Connection.java:226)
at com.microsoft.playwright.impl.Connection.processOneMessage(Connection.java:206)
at com.microsoft.playwright.impl.ChannelOwner.runUntil(ChannelOwner.java:109)
at com.microsoft.playwright.impl.Connection.sendMessage(Connection.java:126)
at com.microsoft.playwright.impl.ChannelOwner.sendMessage(ChannelOwner.java:102)
at com.microsoft.playwright.impl.FrameImpl.navigateImpl(FrameImpl.java:463)
at com.microsoft.playwright.impl.PageImpl.lambda$navigate$45(PageImpl.java:836)
at com.microsoft.playwright.impl.LoggingSupport.withLogging(LoggingSupport.java:47)
at com.microsoft.playwright.impl.ChannelOwner.withLogging(ChannelOwner.java:87)
at com.microsoft.playwright.impl.PageImpl.navigate(PageImpl.java:836)
at com.microsoft.playwright.impl.PageImpl.navigate(PageImpl.java:42)
at com.microsoft.playwright.Page.navigate(Page.java:5282)
at genericFunctions.PlaywrightFactory.initBrowser(PlaywrightFactory.java:101)
at Stepdefinitions.Hooks.getProperty(Hooks.java:32)
at java.base/jdk.internal.reflect.NativeMethodAccessorImpl.invoke0(Native Method)
at java.base/jdk.internal.reflect.NativeMethodAccessorImpl.invoke(NativeMethodAccessorImpl.java:77)
at java.base/jdk.internal.reflect.DelegatingMethodAccessorImpl.invoke(DelegatingMethodAccessorImpl.java:43)
at java.base/java.lang.reflect.Method.invoke(Method.java:568)
at io.cucumber.java.Invoker.doInvoke(Invoker.java:66)
at io.cucumber.java.Invoker.invoke(Invoker.java:24)
at io.cucumber.java.AbstractGlueDefinition.invokeMethod(AbstractGlueDefinition.java:47)
at io.cucumber.java.JavaHookDefinition.execute(JavaHookDefinition.java:59)
at io.cucumber.core.runner.CoreHookDefinition.execute(CoreHookDefinition.java:46)
at io.cucumber.core.runner.HookDefinitionMatch.runStep(HookDefinitionMatch.java:21)
at io.cucumber.core.runner.ExecutionMode$1.execute(ExecutionMode.java:10)
at io.cucumber.core.runner.TestStep.executeStep(TestStep.java:92)
at io.cucumber.core.runner.TestStep.run(TestStep.java:64)
at io.cucumber.core.runner.TestCase.run(TestCase.java:98)
at io.cucumber.core.runner.Runner.runPickle(Runner.java:71)
at io.cucumber.testng.TestNGCucumberRunner.lambda$runScenario$0(TestNGCucumberRunner.java:116)
at io.cucumber.core.runtime.CucumberExecutionContext.runTestCase(CucumberExecutionContext.java:117)
at io.cucumber.testng.TestNGCucumberRunner.runScenario(TestNGCucumberRunner.java:113)
at io.cucumber.testng.AbstractTestNGCucumberTests.runScenario(AbstractTestNGCucumberTests.java:31)
at java.base/jdk.internal.reflect.NativeMethodAccessorImpl.invoke0(Native Method)
at java.base/jdk.internal.reflect.NativeMethodAccessorImpl.invoke(NativeMethodAccessorImpl.java:77)
at java.base/jdk.internal.reflect.DelegatingMethodAccessorImpl.invoke(DelegatingMethodAccessorImpl.java:43)
at java.base/java.lang.reflect.Method.invoke(Method.java:568)
at org.testng.internal.MethodInvocationHelper.invokeMethod(MethodInvocationHelper.java:133)
at org.testng.internal.TestInvoker.invokeMethod(TestInvoker.java:598)
at org.testng.internal.TestInvoker.invokeTestMethod(TestInvoker.java:173)
at org.testng.internal.MethodRunner.runInSequence(MethodRunner.java:46)
at org.testng.internal.TestInvoker$MethodInvocationAgent.invoke(TestInvoker.java:824)
at org.testng.internal.TestInvoker.invokeTestMethods(TestInvoker.java:146)
at org.testng.internal.TestMethodWorker.invokeTestMethods(TestMethodWorker.java:146)
at org.testng.internal.TestMethodWorker.run(TestMethodWorker.java:128)
at java.base/java.util.concurrent.ThreadPoolExecutor.runWorker(ThreadPoolExecutor.java:1136)
at java.base/java.util.concurrent.ThreadPoolExecutor$Worker.run(ThreadPoolExecutor.java:635)
at java.base/java.lang.Thread.run(Thread.java:833)
]]>
    </error>
  </testcase> <!-- runScenario -->
  <system-out/>
  <testcase classname="runner.StudentTestRunner4" name="runScenario" time="87.307">
    <error message="Error {
  message=&#039;Timeout 50000ms exceeded.
=========================== logs ===========================
navigating to &quot;https://sisclientweb-900070.campusnexus.cloud/&quot;, waiting until &quot;load&quot;
============================================================
  name=&#039;TimeoutError
  stack=&#039;TimeoutError: Timeout 50000ms exceeded.
=========================== logs ===========================
navigating to &quot;https://sisclientweb-900070.campusnexus.cloud/&quot;, waiting until &quot;load&quot;
============================================================
    at ProgressController.run (C:\Users\SnehaV\AppData\Local\Temp\playwright-java-3452271969394814516\package\lib\server\progress.js:88:26)
    at Frame.goto (C:\Users\SnehaV\AppData\Local\Temp\playwright-java-3452271969394814516\package\lib\server\frames.js:521:23)
    at FrameDispatcher.goto (C:\Users\SnehaV\AppData\Local\Temp\playwright-java-3452271969394814516\package\lib\server\dispatchers\frameDispatcher.js:75:121)
    at DispatcherConnection.dispatch (C:\Users\SnehaV\AppData\Local\Temp\playwright-java-3452271969394814516\package\lib\server\dispatchers\dispatcher.js:312:46)
}" type="com.microsoft.playwright.TimeoutError">
      <![CDATA[com.microsoft.playwright.TimeoutError: Error {
  message='Timeout 50000ms exceeded.
=========================== logs ===========================
navigating to "https://sisclientweb-900070.campusnexus.cloud/", waiting until "load"
============================================================
  name='TimeoutError
  stack='TimeoutError: Timeout 50000ms exceeded.
=========================== logs ===========================
navigating to "https://sisclientweb-900070.campusnexus.cloud/", waiting until "load"
============================================================
    at ProgressController.run (C:\Users\SnehaV\AppData\Local\Temp\playwright-java-3452271969394814516\package\lib\server\progress.js:88:26)
    at Frame.goto (C:\Users\SnehaV\AppData\Local\Temp\playwright-java-3452271969394814516\package\lib\server\frames.js:521:23)
    at FrameDispatcher.goto (C:\Users\SnehaV\AppData\Local\Temp\playwright-java-3452271969394814516\package\lib\server\dispatchers\frameDispatcher.js:75:121)
    at DispatcherConnection.dispatch (C:\Users\SnehaV\AppData\Local\Temp\playwright-java-3452271969394814516\package\lib\server\dispatchers\dispatcher.js:312:46)
}
at com.microsoft.playwright.impl.WaitableResult.get(WaitableResult.java:52)
at com.microsoft.playwright.impl.ChannelOwner.runUntil(ChannelOwner.java:111)
at com.microsoft.playwright.impl.Connection.sendMessage(Connection.java:126)
at com.microsoft.playwright.impl.ChannelOwner.sendMessage(ChannelOwner.java:102)
at com.microsoft.playwright.impl.FrameImpl.navigateImpl(FrameImpl.java:463)
at com.microsoft.playwright.impl.PageImpl.lambda$navigate$45(PageImpl.java:836)
at com.microsoft.playwright.impl.LoggingSupport.withLogging(LoggingSupport.java:47)
at com.microsoft.playwright.impl.ChannelOwner.withLogging(ChannelOwner.java:87)
at com.microsoft.playwright.impl.PageImpl.navigate(PageImpl.java:836)
at com.microsoft.playwright.impl.PageImpl.navigate(PageImpl.java:42)
at com.microsoft.playwright.Page.navigate(Page.java:5282)
at genericFunctions.PlaywrightFactory.initBrowser(PlaywrightFactory.java:101)
at Stepdefinitions.Hooks.getProperty(Hooks.java:32)
Caused by: com.microsoft.playwright.TimeoutError: Error {
  message='Timeout 50000ms exceeded.
=========================== logs ===========================
navigating to "https://sisclientweb-900070.campusnexus.cloud/", waiting until "load"
============================================================
  name='TimeoutError
  stack='TimeoutError: Timeout 50000ms exceeded.
=========================== logs ===========================
navigating to "https://sisclientweb-900070.campusnexus.cloud/", waiting until "load"
============================================================
    at ProgressController.run (C:\Users\SnehaV\AppData\Local\Temp\playwright-java-3452271969394814516\package\lib\server\progress.js:88:26)
    at Frame.goto (C:\Users\SnehaV\AppData\Local\Temp\playwright-java-3452271969394814516\package\lib\server\frames.js:521:23)
    at FrameDispatcher.goto (C:\Users\SnehaV\AppData\Local\Temp\playwright-java-3452271969394814516\package\lib\server\dispatchers\frameDispatcher.js:75:121)
    at DispatcherConnection.dispatch (C:\Users\SnehaV\AppData\Local\Temp\playwright-java-3452271969394814516\package\lib\server\dispatchers\dispatcher.js:312:46)
}
at com.microsoft.playwright.impl.Connection.dispatch(Connection.java:224)
at com.microsoft.playwright.impl.Connection.processOneMessage(Connection.java:206)
at com.microsoft.playwright.impl.ChannelOwner.runUntil(ChannelOwner.java:109)
at com.microsoft.playwright.impl.Connection.sendMessage(Connection.java:126)
at com.microsoft.playwright.impl.ChannelOwner.sendMessage(ChannelOwner.java:102)
at com.microsoft.playwright.impl.FrameImpl.navigateImpl(FrameImpl.java:463)
at com.microsoft.playwright.impl.PageImpl.lambda$navigate$45(PageImpl.java:836)
at com.microsoft.playwright.impl.LoggingSupport.withLogging(LoggingSupport.java:47)
at com.microsoft.playwright.impl.ChannelOwner.withLogging(ChannelOwner.java:87)
at com.microsoft.playwright.impl.PageImpl.navigate(PageImpl.java:836)
at com.microsoft.playwright.impl.PageImpl.navigate(PageImpl.java:42)
at com.microsoft.playwright.Page.navigate(Page.java:5282)
at genericFunctions.PlaywrightFactory.initBrowser(PlaywrightFactory.java:101)
at Stepdefinitions.Hooks.getProperty(Hooks.java:32)
at java.base/jdk.internal.reflect.NativeMethodAccessorImpl.invoke0(Native Method)
at java.base/jdk.internal.reflect.NativeMethodAccessorImpl.invoke(NativeMethodAccessorImpl.java:77)
at java.base/jdk.internal.reflect.DelegatingMethodAccessorImpl.invoke(DelegatingMethodAccessorImpl.java:43)
at java.base/java.lang.reflect.Method.invoke(Method.java:568)
at io.cucumber.java.Invoker.doInvoke(Invoker.java:66)
at io.cucumber.java.Invoker.invoke(Invoker.java:24)
at io.cucumber.java.AbstractGlueDefinition.invokeMethod(AbstractGlueDefinition.java:47)
at io.cucumber.java.JavaHookDefinition.execute(JavaHookDefinition.java:59)
at io.cucumber.core.runner.CoreHookDefinition.execute(CoreHookDefinition.java:46)
at io.cucumber.core.runner.HookDefinitionMatch.runStep(HookDefinitionMatch.java:21)
at io.cucumber.core.runner.ExecutionMode$1.execute(ExecutionMode.java:10)
at io.cucumber.core.runner.TestStep.executeStep(TestStep.java:92)
at io.cucumber.core.runner.TestStep.run(TestStep.java:64)
at io.cucumber.core.runner.TestCase.run(TestCase.java:98)
at io.cucumber.core.runner.Runner.runPickle(Runner.java:71)
at io.cucumber.testng.TestNGCucumberRunner.lambda$runScenario$0(TestNGCucumberRunner.java:116)
at io.cucumber.core.runtime.CucumberExecutionContext.runTestCase(CucumberExecutionContext.java:117)
at io.cucumber.testng.TestNGCucumberRunner.runScenario(TestNGCucumberRunner.java:113)
at io.cucumber.testng.AbstractTestNGCucumberTests.runScenario(AbstractTestNGCucumberTests.java:31)
at java.base/jdk.internal.reflect.NativeMethodAccessorImpl.invoke0(Native Method)
at java.base/jdk.internal.reflect.NativeMethodAccessorImpl.invoke(NativeMethodAccessorImpl.java:77)
at java.base/jdk.internal.reflect.DelegatingMethodAccessorImpl.invoke(DelegatingMethodAccessorImpl.java:43)
at java.base/java.lang.reflect.Method.invoke(Method.java:568)
at org.testng.internal.MethodInvocationHelper.invokeMethod(MethodInvocationHelper.java:133)
at org.testng.internal.TestInvoker.invokeMethod(TestInvoker.java:598)
at org.testng.internal.TestInvoker.invokeTestMethod(TestInvoker.java:173)
at org.testng.internal.MethodRunner.runInSequence(MethodRunner.java:46)
at org.testng.internal.TestInvoker$MethodInvocationAgent.invoke(TestInvoker.java:824)
at org.testng.internal.TestInvoker.invokeTestMethods(TestInvoker.java:146)
at org.testng.internal.TestMethodWorker.invokeTestMethods(TestMethodWorker.java:146)
at org.testng.internal.TestMethodWorker.run(TestMethodWorker.java:128)
at java.base/java.util.concurrent.ThreadPoolExecutor.runWorker(ThreadPoolExecutor.java:1136)
at java.base/java.util.concurrent.ThreadPoolExecutor$Worker.run(ThreadPoolExecutor.java:635)
at java.base/java.lang.Thread.run(Thread.java:833)
]]>
    </error>
  </testcase> <!-- runScenario -->
  <system-out/>
  <testcase classname="runner.StudentTestRunner4" name="runScenario" time="82.101">
    <error message="Error {
  message=&#039;Timeout 50000ms exceeded.
=========================== logs ===========================
navigating to &quot;https://sisclientweb-900070.campusnexus.cloud/&quot;, waiting until &quot;load&quot;
============================================================
  name=&#039;TimeoutError
  stack=&#039;TimeoutError: Timeout 50000ms exceeded.
=========================== logs ===========================
navigating to &quot;https://sisclientweb-900070.campusnexus.cloud/&quot;, waiting until &quot;load&quot;
============================================================
    at ProgressController.run (C:\Users\SnehaV\AppData\Local\Temp\playwright-java-3452271969394814516\package\lib\server\progress.js:88:26)
    at Frame.goto (C:\Users\SnehaV\AppData\Local\Temp\playwright-java-3452271969394814516\package\lib\server\frames.js:521:23)
    at FrameDispatcher.goto (C:\Users\SnehaV\AppData\Local\Temp\playwright-java-3452271969394814516\package\lib\server\dispatchers\frameDispatcher.js:75:121)
    at DispatcherConnection.dispatch (C:\Users\SnehaV\AppData\Local\Temp\playwright-java-3452271969394814516\package\lib\server\dispatchers\dispatcher.js:312:46)
}" type="com.microsoft.playwright.TimeoutError">
      <![CDATA[com.microsoft.playwright.TimeoutError: Error {
  message='Timeout 50000ms exceeded.
=========================== logs ===========================
navigating to "https://sisclientweb-900070.campusnexus.cloud/", waiting until "load"
============================================================
  name='TimeoutError
  stack='TimeoutError: Timeout 50000ms exceeded.
=========================== logs ===========================
navigating to "https://sisclientweb-900070.campusnexus.cloud/", waiting until "load"
============================================================
    at ProgressController.run (C:\Users\SnehaV\AppData\Local\Temp\playwright-java-3452271969394814516\package\lib\server\progress.js:88:26)
    at Frame.goto (C:\Users\SnehaV\AppData\Local\Temp\playwright-java-3452271969394814516\package\lib\server\frames.js:521:23)
    at FrameDispatcher.goto (C:\Users\SnehaV\AppData\Local\Temp\playwright-java-3452271969394814516\package\lib\server\dispatchers\frameDispatcher.js:75:121)
    at DispatcherConnection.dispatch (C:\Users\SnehaV\AppData\Local\Temp\playwright-java-3452271969394814516\package\lib\server\dispatchers\dispatcher.js:312:46)
}
at com.microsoft.playwright.impl.WaitableResult.get(WaitableResult.java:52)
at com.microsoft.playwright.impl.ChannelOwner.runUntil(ChannelOwner.java:111)
at com.microsoft.playwright.impl.Connection.sendMessage(Connection.java:126)
at com.microsoft.playwright.impl.ChannelOwner.sendMessage(ChannelOwner.java:102)
at com.microsoft.playwright.impl.FrameImpl.navigateImpl(FrameImpl.java:463)
at com.microsoft.playwright.impl.PageImpl.lambda$navigate$45(PageImpl.java:836)
at com.microsoft.playwright.impl.LoggingSupport.withLogging(LoggingSupport.java:47)
at com.microsoft.playwright.impl.ChannelOwner.withLogging(ChannelOwner.java:87)
at com.microsoft.playwright.impl.PageImpl.navigate(PageImpl.java:836)
at com.microsoft.playwright.impl.PageImpl.navigate(PageImpl.java:42)
at com.microsoft.playwright.Page.navigate(Page.java:5282)
at genericFunctions.PlaywrightFactory.initBrowser(PlaywrightFactory.java:101)
at Stepdefinitions.Hooks.getProperty(Hooks.java:32)
Caused by: com.microsoft.playwright.TimeoutError: Error {
  message='Timeout 50000ms exceeded.
=========================== logs ===========================
navigating to "https://sisclientweb-900070.campusnexus.cloud/", waiting until "load"
============================================================
  name='TimeoutError
  stack='TimeoutError: Timeout 50000ms exceeded.
=========================== logs ===========================
navigating to "https://sisclientweb-900070.campusnexus.cloud/", waiting until "load"
============================================================
    at ProgressController.run (C:\Users\SnehaV\AppData\Local\Temp\playwright-java-3452271969394814516\package\lib\server\progress.js:88:26)
    at Frame.goto (C:\Users\SnehaV\AppData\Local\Temp\playwright-java-3452271969394814516\package\lib\server\frames.js:521:23)
    at FrameDispatcher.goto (C:\Users\SnehaV\AppData\Local\Temp\playwright-java-3452271969394814516\package\lib\server\dispatchers\frameDispatcher.js:75:121)
    at DispatcherConnection.dispatch (C:\Users\SnehaV\AppData\Local\Temp\playwright-java-3452271969394814516\package\lib\server\dispatchers\dispatcher.js:312:46)
}
at com.microsoft.playwright.impl.Connection.dispatch(Connection.java:224)
at com.microsoft.playwright.impl.Connection.processOneMessage(Connection.java:206)
at com.microsoft.playwright.impl.ChannelOwner.runUntil(ChannelOwner.java:109)
at com.microsoft.playwright.impl.Connection.sendMessage(Connection.java:126)
at com.microsoft.playwright.impl.ChannelOwner.sendMessage(ChannelOwner.java:102)
at com.microsoft.playwright.impl.FrameImpl.navigateImpl(FrameImpl.java:463)
at com.microsoft.playwright.impl.PageImpl.lambda$navigate$45(PageImpl.java:836)
at com.microsoft.playwright.impl.LoggingSupport.withLogging(LoggingSupport.java:47)
at com.microsoft.playwright.impl.ChannelOwner.withLogging(ChannelOwner.java:87)
at com.microsoft.playwright.impl.PageImpl.navigate(PageImpl.java:836)
at com.microsoft.playwright.impl.PageImpl.navigate(PageImpl.java:42)
at com.microsoft.playwright.Page.navigate(Page.java:5282)
at genericFunctions.PlaywrightFactory.initBrowser(PlaywrightFactory.java:101)
at Stepdefinitions.Hooks.getProperty(Hooks.java:32)
at java.base/jdk.internal.reflect.NativeMethodAccessorImpl.invoke0(Native Method)
at java.base/jdk.internal.reflect.NativeMethodAccessorImpl.invoke(NativeMethodAccessorImpl.java:77)
at java.base/jdk.internal.reflect.DelegatingMethodAccessorImpl.invoke(DelegatingMethodAccessorImpl.java:43)
at java.base/java.lang.reflect.Method.invoke(Method.java:568)
at io.cucumber.java.Invoker.doInvoke(Invoker.java:66)
at io.cucumber.java.Invoker.invoke(Invoker.java:24)
at io.cucumber.java.AbstractGlueDefinition.invokeMethod(AbstractGlueDefinition.java:47)
at io.cucumber.java.JavaHookDefinition.execute(JavaHookDefinition.java:59)
at io.cucumber.core.runner.CoreHookDefinition.execute(CoreHookDefinition.java:46)
at io.cucumber.core.runner.HookDefinitionMatch.runStep(HookDefinitionMatch.java:21)
at io.cucumber.core.runner.ExecutionMode$1.execute(ExecutionMode.java:10)
at io.cucumber.core.runner.TestStep.executeStep(TestStep.java:92)
at io.cucumber.core.runner.TestStep.run(TestStep.java:64)
at io.cucumber.core.runner.TestCase.run(TestCase.java:98)
at io.cucumber.core.runner.Runner.runPickle(Runner.java:71)
at io.cucumber.testng.TestNGCucumberRunner.lambda$runScenario$0(TestNGCucumberRunner.java:116)
at io.cucumber.core.runtime.CucumberExecutionContext.runTestCase(CucumberExecutionContext.java:117)
at io.cucumber.testng.TestNGCucumberRunner.runScenario(TestNGCucumberRunner.java:113)
at io.cucumber.testng.AbstractTestNGCucumberTests.runScenario(AbstractTestNGCucumberTests.java:31)
at java.base/jdk.internal.reflect.NativeMethodAccessorImpl.invoke0(Native Method)
at java.base/jdk.internal.reflect.NativeMethodAccessorImpl.invoke(NativeMethodAccessorImpl.java:77)
at java.base/jdk.internal.reflect.DelegatingMethodAccessorImpl.invoke(DelegatingMethodAccessorImpl.java:43)
at java.base/java.lang.reflect.Method.invoke(Method.java:568)
at org.testng.internal.MethodInvocationHelper.invokeMethod(MethodInvocationHelper.java:133)
at org.testng.internal.TestInvoker.invokeMethod(TestInvoker.java:598)
at org.testng.internal.TestInvoker.invokeTestMethod(TestInvoker.java:173)
at org.testng.internal.MethodRunner.runInSequence(MethodRunner.java:46)
at org.testng.internal.TestInvoker$MethodInvocationAgent.invoke(TestInvoker.java:824)
at org.testng.internal.TestInvoker.invokeTestMethods(TestInvoker.java:146)
at org.testng.internal.TestMethodWorker.invokeTestMethods(TestMethodWorker.java:146)
at org.testng.internal.TestMethodWorker.run(TestMethodWorker.java:128)
at java.base/java.util.concurrent.ThreadPoolExecutor.runWorker(ThreadPoolExecutor.java:1136)
at java.base/java.util.concurrent.ThreadPoolExecutor$Worker.run(ThreadPoolExecutor.java:635)
at java.base/java.lang.Thread.run(Thread.java:833)
]]>
    </error>
  </testcase> <!-- runScenario -->
  <system-out/>
  <testcase classname="runner.StudentTestRunner4" name="runScenario" time="82.358">
    <error message="Error {
  message=&#039;Timeout 50000ms exceeded.
=========================== logs ===========================
navigating to &quot;https://sisclientweb-900070.campusnexus.cloud/&quot;, waiting until &quot;load&quot;
============================================================
  name=&#039;TimeoutError
  stack=&#039;TimeoutError: Timeout 50000ms exceeded.
=========================== logs ===========================
navigating to &quot;https://sisclientweb-900070.campusnexus.cloud/&quot;, waiting until &quot;load&quot;
============================================================
    at ProgressController.run (C:\Users\SnehaV\AppData\Local\Temp\playwright-java-3452271969394814516\package\lib\server\progress.js:88:26)
    at Frame.goto (C:\Users\SnehaV\AppData\Local\Temp\playwright-java-3452271969394814516\package\lib\server\frames.js:521:23)
    at FrameDispatcher.goto (C:\Users\SnehaV\AppData\Local\Temp\playwright-java-3452271969394814516\package\lib\server\dispatchers\frameDispatcher.js:75:121)
    at DispatcherConnection.dispatch (C:\Users\SnehaV\AppData\Local\Temp\playwright-java-3452271969394814516\package\lib\server\dispatchers\dispatcher.js:312:46)
}" type="com.microsoft.playwright.TimeoutError">
      <![CDATA[com.microsoft.playwright.TimeoutError: Error {
  message='Timeout 50000ms exceeded.
=========================== logs ===========================
navigating to "https://sisclientweb-900070.campusnexus.cloud/", waiting until "load"
============================================================
  name='TimeoutError
  stack='TimeoutError: Timeout 50000ms exceeded.
=========================== logs ===========================
navigating to "https://sisclientweb-900070.campusnexus.cloud/", waiting until "load"
============================================================
    at ProgressController.run (C:\Users\SnehaV\AppData\Local\Temp\playwright-java-3452271969394814516\package\lib\server\progress.js:88:26)
    at Frame.goto (C:\Users\SnehaV\AppData\Local\Temp\playwright-java-3452271969394814516\package\lib\server\frames.js:521:23)
    at FrameDispatcher.goto (C:\Users\SnehaV\AppData\Local\Temp\playwright-java-3452271969394814516\package\lib\server\dispatchers\frameDispatcher.js:75:121)
    at DispatcherConnection.dispatch (C:\Users\SnehaV\AppData\Local\Temp\playwright-java-3452271969394814516\package\lib\server\dispatchers\dispatcher.js:312:46)
}
at com.microsoft.playwright.impl.WaitableResult.get(WaitableResult.java:52)
at com.microsoft.playwright.impl.ChannelOwner.runUntil(ChannelOwner.java:111)
at com.microsoft.playwright.impl.Connection.sendMessage(Connection.java:126)
at com.microsoft.playwright.impl.ChannelOwner.sendMessage(ChannelOwner.java:102)
at com.microsoft.playwright.impl.FrameImpl.navigateImpl(FrameImpl.java:463)
at com.microsoft.playwright.impl.PageImpl.lambda$navigate$45(PageImpl.java:836)
at com.microsoft.playwright.impl.LoggingSupport.withLogging(LoggingSupport.java:47)
at com.microsoft.playwright.impl.ChannelOwner.withLogging(ChannelOwner.java:87)
at com.microsoft.playwright.impl.PageImpl.navigate(PageImpl.java:836)
at com.microsoft.playwright.impl.PageImpl.navigate(PageImpl.java:42)
at com.microsoft.playwright.Page.navigate(Page.java:5282)
at genericFunctions.PlaywrightFactory.initBrowser(PlaywrightFactory.java:101)
at Stepdefinitions.Hooks.getProperty(Hooks.java:32)
Caused by: com.microsoft.playwright.TimeoutError: Error {
  message='Timeout 50000ms exceeded.
=========================== logs ===========================
navigating to "https://sisclientweb-900070.campusnexus.cloud/", waiting until "load"
============================================================
  name='TimeoutError
  stack='TimeoutError: Timeout 50000ms exceeded.
=========================== logs ===========================
navigating to "https://sisclientweb-900070.campusnexus.cloud/", waiting until "load"
============================================================
    at ProgressController.run (C:\Users\SnehaV\AppData\Local\Temp\playwright-java-3452271969394814516\package\lib\server\progress.js:88:26)
    at Frame.goto (C:\Users\SnehaV\AppData\Local\Temp\playwright-java-3452271969394814516\package\lib\server\frames.js:521:23)
    at FrameDispatcher.goto (C:\Users\SnehaV\AppData\Local\Temp\playwright-java-3452271969394814516\package\lib\server\dispatchers\frameDispatcher.js:75:121)
    at DispatcherConnection.dispatch (C:\Users\SnehaV\AppData\Local\Temp\playwright-java-3452271969394814516\package\lib\server\dispatchers\dispatcher.js:312:46)
}
at com.microsoft.playwright.impl.Connection.dispatch(Connection.java:224)
at com.microsoft.playwright.impl.Connection.processOneMessage(Connection.java:206)
at com.microsoft.playwright.impl.ChannelOwner.runUntil(ChannelOwner.java:109)
at com.microsoft.playwright.impl.Connection.sendMessage(Connection.java:126)
at com.microsoft.playwright.impl.ChannelOwner.sendMessage(ChannelOwner.java:102)
at com.microsoft.playwright.impl.FrameImpl.navigateImpl(FrameImpl.java:463)
at com.microsoft.playwright.impl.PageImpl.lambda$navigate$45(PageImpl.java:836)
at com.microsoft.playwright.impl.LoggingSupport.withLogging(LoggingSupport.java:47)
at com.microsoft.playwright.impl.ChannelOwner.withLogging(ChannelOwner.java:87)
at com.microsoft.playwright.impl.PageImpl.navigate(PageImpl.java:836)
at com.microsoft.playwright.impl.PageImpl.navigate(PageImpl.java:42)
at com.microsoft.playwright.Page.navigate(Page.java:5282)
at genericFunctions.PlaywrightFactory.initBrowser(PlaywrightFactory.java:101)
at Stepdefinitions.Hooks.getProperty(Hooks.java:32)
at java.base/jdk.internal.reflect.NativeMethodAccessorImpl.invoke0(Native Method)
at java.base/jdk.internal.reflect.NativeMethodAccessorImpl.invoke(NativeMethodAccessorImpl.java:77)
at java.base/jdk.internal.reflect.DelegatingMethodAccessorImpl.invoke(DelegatingMethodAccessorImpl.java:43)
at java.base/java.lang.reflect.Method.invoke(Method.java:568)
at io.cucumber.java.Invoker.doInvoke(Invoker.java:66)
at io.cucumber.java.Invoker.invoke(Invoker.java:24)
at io.cucumber.java.AbstractGlueDefinition.invokeMethod(AbstractGlueDefinition.java:47)
at io.cucumber.java.JavaHookDefinition.execute(JavaHookDefinition.java:59)
at io.cucumber.core.runner.CoreHookDefinition.execute(CoreHookDefinition.java:46)
at io.cucumber.core.runner.HookDefinitionMatch.runStep(HookDefinitionMatch.java:21)
at io.cucumber.core.runner.ExecutionMode$1.execute(ExecutionMode.java:10)
at io.cucumber.core.runner.TestStep.executeStep(TestStep.java:92)
at io.cucumber.core.runner.TestStep.run(TestStep.java:64)
at io.cucumber.core.runner.TestCase.run(TestCase.java:98)
at io.cucumber.core.runner.Runner.runPickle(Runner.java:71)
at io.cucumber.testng.TestNGCucumberRunner.lambda$runScenario$0(TestNGCucumberRunner.java:116)
at io.cucumber.core.runtime.CucumberExecutionContext.runTestCase(CucumberExecutionContext.java:117)
at io.cucumber.testng.TestNGCucumberRunner.runScenario(TestNGCucumberRunner.java:113)
at io.cucumber.testng.AbstractTestNGCucumberTests.runScenario(AbstractTestNGCucumberTests.java:31)
at java.base/jdk.internal.reflect.NativeMethodAccessorImpl.invoke0(Native Method)
at java.base/jdk.internal.reflect.NativeMethodAccessorImpl.invoke(NativeMethodAccessorImpl.java:77)
at java.base/jdk.internal.reflect.DelegatingMethodAccessorImpl.invoke(DelegatingMethodAccessorImpl.java:43)
at java.base/java.lang.reflect.Method.invoke(Method.java:568)
at org.testng.internal.MethodInvocationHelper.invokeMethod(MethodInvocationHelper.java:133)
at org.testng.internal.TestInvoker.invokeMethod(TestInvoker.java:598)
at org.testng.internal.TestInvoker.invokeTestMethod(TestInvoker.java:173)
at org.testng.internal.MethodRunner.runInSequence(MethodRunner.java:46)
at org.testng.internal.TestInvoker$MethodInvocationAgent.invoke(TestInvoker.java:824)
at org.testng.internal.TestInvoker.invokeTestMethods(TestInvoker.java:146)
at org.testng.internal.TestMethodWorker.invokeTestMethods(TestMethodWorker.java:146)
at org.testng.internal.TestMethodWorker.run(TestMethodWorker.java:128)
at java.base/java.util.concurrent.ThreadPoolExecutor.runWorker(ThreadPoolExecutor.java:1136)
at java.base/java.util.concurrent.ThreadPoolExecutor$Worker.run(ThreadPoolExecutor.java:635)
at java.base/java.lang.Thread.run(Thread.java:833)
]]>
    </error>
  </testcase> <!-- runScenario -->
  <system-out/>
  <testcase classname="runner.StudentTestRunner4" name="runScenario" time="74.891">
    <error message="Error {
  message=&#039;net::ERR_CONNECTION_CLOSED at https://sisclientweb-900070.campusnexus.cloud/
=========================== logs ===========================
navigating to &quot;https://sisclientweb-900070.campusnexus.cloud/&quot;, waiting until &quot;load&quot;
============================================================
  name=&#039;Error
  stack=&#039;Error: net::ERR_CONNECTION_CLOSED at https://sisclientweb-900070.campusnexus.cloud/
=========================== logs ===========================
navigating to &quot;https://sisclientweb-900070.campusnexus.cloud/&quot;, waiting until &quot;load&quot;
============================================================
    at FrameSession._navigate (C:\Users\SnehaV\AppData\Local\Temp\playwright-java-3452271969394814516\package\lib\server\chromium\crPage.js:508:35)
    at async Frame._gotoAction (C:\Users\SnehaV\AppData\Local\Temp\playwright-java-3452271969394814516\package\lib\server\frames.js:538:28)
    at async ProgressController.run (C:\Users\SnehaV\AppData\Local\Temp\playwright-java-3452271969394814516\package\lib\server\progress.js:92:22)
    at async FrameDispatcher.goto (C:\Users\SnehaV\AppData\Local\Temp\playwright-java-3452271969394814516\package\lib\server\dispatchers\frameDispatcher.js:75:103)
    at async DispatcherConnection.dispatch (C:\Users\SnehaV\AppData\Local\Temp\playwright-java-3452271969394814516\package\lib\server\dispatchers\dispatcher.js:312:22)
}" type="com.microsoft.playwright.PlaywrightException">
      <![CDATA[com.microsoft.playwright.PlaywrightException: Error {
  message='net::ERR_CONNECTION_CLOSED at https://sisclientweb-900070.campusnexus.cloud/
=========================== logs ===========================
navigating to "https://sisclientweb-900070.campusnexus.cloud/", waiting until "load"
============================================================
  name='Error
  stack='Error: net::ERR_CONNECTION_CLOSED at https://sisclientweb-900070.campusnexus.cloud/
=========================== logs ===========================
navigating to "https://sisclientweb-900070.campusnexus.cloud/", waiting until "load"
============================================================
    at FrameSession._navigate (C:\Users\SnehaV\AppData\Local\Temp\playwright-java-3452271969394814516\package\lib\server\chromium\crPage.js:508:35)
    at async Frame._gotoAction (C:\Users\SnehaV\AppData\Local\Temp\playwright-java-3452271969394814516\package\lib\server\frames.js:538:28)
    at async ProgressController.run (C:\Users\SnehaV\AppData\Local\Temp\playwright-java-3452271969394814516\package\lib\server\progress.js:92:22)
    at async FrameDispatcher.goto (C:\Users\SnehaV\AppData\Local\Temp\playwright-java-3452271969394814516\package\lib\server\dispatchers\frameDispatcher.js:75:103)
    at async DispatcherConnection.dispatch (C:\Users\SnehaV\AppData\Local\Temp\playwright-java-3452271969394814516\package\lib\server\dispatchers\dispatcher.js:312:22)
}
at com.microsoft.playwright.impl.WaitableResult.get(WaitableResult.java:54)
at com.microsoft.playwright.impl.ChannelOwner.runUntil(ChannelOwner.java:111)
at com.microsoft.playwright.impl.Connection.sendMessage(Connection.java:126)
at com.microsoft.playwright.impl.ChannelOwner.sendMessage(ChannelOwner.java:102)
at com.microsoft.playwright.impl.FrameImpl.navigateImpl(FrameImpl.java:463)
at com.microsoft.playwright.impl.PageImpl.lambda$navigate$45(PageImpl.java:836)
at com.microsoft.playwright.impl.LoggingSupport.withLogging(LoggingSupport.java:47)
at com.microsoft.playwright.impl.ChannelOwner.withLogging(ChannelOwner.java:87)
at com.microsoft.playwright.impl.PageImpl.navigate(PageImpl.java:836)
at com.microsoft.playwright.impl.PageImpl.navigate(PageImpl.java:42)
at com.microsoft.playwright.Page.navigate(Page.java:5282)
at genericFunctions.PlaywrightFactory.initBrowser(PlaywrightFactory.java:101)
at Stepdefinitions.Hooks.getProperty(Hooks.java:32)
Caused by: com.microsoft.playwright.impl.DriverException: Error {
  message='net::ERR_CONNECTION_CLOSED at https://sisclientweb-900070.campusnexus.cloud/
=========================== logs ===========================
navigating to "https://sisclientweb-900070.campusnexus.cloud/", waiting until "load"
============================================================
  name='Error
  stack='Error: net::ERR_CONNECTION_CLOSED at https://sisclientweb-900070.campusnexus.cloud/
=========================== logs ===========================
navigating to "https://sisclientweb-900070.campusnexus.cloud/", waiting until "load"
============================================================
    at FrameSession._navigate (C:\Users\SnehaV\AppData\Local\Temp\playwright-java-3452271969394814516\package\lib\server\chromium\crPage.js:508:35)
    at async Frame._gotoAction (C:\Users\SnehaV\AppData\Local\Temp\playwright-java-3452271969394814516\package\lib\server\frames.js:538:28)
    at async ProgressController.run (C:\Users\SnehaV\AppData\Local\Temp\playwright-java-3452271969394814516\package\lib\server\progress.js:92:22)
    at async FrameDispatcher.goto (C:\Users\SnehaV\AppData\Local\Temp\playwright-java-3452271969394814516\package\lib\server\dispatchers\frameDispatcher.js:75:103)
    at async DispatcherConnection.dispatch (C:\Users\SnehaV\AppData\Local\Temp\playwright-java-3452271969394814516\package\lib\server\dispatchers\dispatcher.js:312:22)
}
at com.microsoft.playwright.impl.Connection.dispatch(Connection.java:226)
at com.microsoft.playwright.impl.Connection.processOneMessage(Connection.java:206)
at com.microsoft.playwright.impl.ChannelOwner.runUntil(ChannelOwner.java:109)
at com.microsoft.playwright.impl.Connection.sendMessage(Connection.java:126)
at com.microsoft.playwright.impl.ChannelOwner.sendMessage(ChannelOwner.java:102)
at com.microsoft.playwright.impl.FrameImpl.navigateImpl(FrameImpl.java:463)
at com.microsoft.playwright.impl.PageImpl.lambda$navigate$45(PageImpl.java:836)
at com.microsoft.playwright.impl.LoggingSupport.withLogging(LoggingSupport.java:47)
at com.microsoft.playwright.impl.ChannelOwner.withLogging(ChannelOwner.java:87)
at com.microsoft.playwright.impl.PageImpl.navigate(PageImpl.java:836)
at com.microsoft.playwright.impl.PageImpl.navigate(PageImpl.java:42)
at com.microsoft.playwright.Page.navigate(Page.java:5282)
at genericFunctions.PlaywrightFactory.initBrowser(PlaywrightFactory.java:101)
at Stepdefinitions.Hooks.getProperty(Hooks.java:32)
at java.base/jdk.internal.reflect.NativeMethodAccessorImpl.invoke0(Native Method)
at java.base/jdk.internal.reflect.NativeMethodAccessorImpl.invoke(NativeMethodAccessorImpl.java:77)
at java.base/jdk.internal.reflect.DelegatingMethodAccessorImpl.invoke(DelegatingMethodAccessorImpl.java:43)
at java.base/java.lang.reflect.Method.invoke(Method.java:568)
at io.cucumber.java.Invoker.doInvoke(Invoker.java:66)
at io.cucumber.java.Invoker.invoke(Invoker.java:24)
at io.cucumber.java.AbstractGlueDefinition.invokeMethod(AbstractGlueDefinition.java:47)
at io.cucumber.java.JavaHookDefinition.execute(JavaHookDefinition.java:59)
at io.cucumber.core.runner.CoreHookDefinition.execute(CoreHookDefinition.java:46)
at io.cucumber.core.runner.HookDefinitionMatch.runStep(HookDefinitionMatch.java:21)
at io.cucumber.core.runner.ExecutionMode$1.execute(ExecutionMode.java:10)
at io.cucumber.core.runner.TestStep.executeStep(TestStep.java:92)
at io.cucumber.core.runner.TestStep.run(TestStep.java:64)
at io.cucumber.core.runner.TestCase.run(TestCase.java:98)
at io.cucumber.core.runner.Runner.runPickle(Runner.java:71)
at io.cucumber.testng.TestNGCucumberRunner.lambda$runScenario$0(TestNGCucumberRunner.java:116)
at io.cucumber.core.runtime.CucumberExecutionContext.runTestCase(CucumberExecutionContext.java:117)
at io.cucumber.testng.TestNGCucumberRunner.runScenario(TestNGCucumberRunner.java:113)
at io.cucumber.testng.AbstractTestNGCucumberTests.runScenario(AbstractTestNGCucumberTests.java:31)
at java.base/jdk.internal.reflect.NativeMethodAccessorImpl.invoke0(Native Method)
at java.base/jdk.internal.reflect.NativeMethodAccessorImpl.invoke(NativeMethodAccessorImpl.java:77)
at java.base/jdk.internal.reflect.DelegatingMethodAccessorImpl.invoke(DelegatingMethodAccessorImpl.java:43)
at java.base/java.lang.reflect.Method.invoke(Method.java:568)
at org.testng.internal.MethodInvocationHelper.invokeMethod(MethodInvocationHelper.java:133)
at org.testng.internal.TestInvoker.invokeMethod(TestInvoker.java:598)
at org.testng.internal.TestInvoker.invokeTestMethod(TestInvoker.java:173)
at org.testng.internal.MethodRunner.runInSequence(MethodRunner.java:46)
at org.testng.internal.TestInvoker$MethodInvocationAgent.invoke(TestInvoker.java:824)
at org.testng.internal.TestInvoker.invokeTestMethods(TestInvoker.java:146)
at org.testng.internal.TestMethodWorker.invokeTestMethods(TestMethodWorker.java:146)
at org.testng.internal.TestMethodWorker.run(TestMethodWorker.java:128)
at java.base/java.util.concurrent.ThreadPoolExecutor.runWorker(ThreadPoolExecutor.java:1136)
at java.base/java.util.concurrent.ThreadPoolExecutor$Worker.run(ThreadPoolExecutor.java:635)
at java.base/java.lang.Thread.run(Thread.java:833)
]]>
    </error>
  </testcase> <!-- runScenario -->
  <system-out/>
  <testcase classname="runner.StudentTestRunner4" name="runScenario" time="81.952">
    <error message="Error {
  message=&#039;Timeout 50000ms exceeded.
=========================== logs ===========================
navigating to &quot;https://sisclientweb-900070.campusnexus.cloud/&quot;, waiting until &quot;load&quot;
============================================================
  name=&#039;TimeoutError
  stack=&#039;TimeoutError: Timeout 50000ms exceeded.
=========================== logs ===========================
navigating to &quot;https://sisclientweb-900070.campusnexus.cloud/&quot;, waiting until &quot;load&quot;
============================================================
    at ProgressController.run (C:\Users\SnehaV\AppData\Local\Temp\playwright-java-3452271969394814516\package\lib\server\progress.js:88:26)
    at Frame.goto (C:\Users\SnehaV\AppData\Local\Temp\playwright-java-3452271969394814516\package\lib\server\frames.js:521:23)
    at FrameDispatcher.goto (C:\Users\SnehaV\AppData\Local\Temp\playwright-java-3452271969394814516\package\lib\server\dispatchers\frameDispatcher.js:75:121)
    at DispatcherConnection.dispatch (C:\Users\SnehaV\AppData\Local\Temp\playwright-java-3452271969394814516\package\lib\server\dispatchers\dispatcher.js:312:46)
}" type="com.microsoft.playwright.TimeoutError">
      <![CDATA[com.microsoft.playwright.TimeoutError: Error {
  message='Timeout 50000ms exceeded.
=========================== logs ===========================
navigating to "https://sisclientweb-900070.campusnexus.cloud/", waiting until "load"
============================================================
  name='TimeoutError
  stack='TimeoutError: Timeout 50000ms exceeded.
=========================== logs ===========================
navigating to "https://sisclientweb-900070.campusnexus.cloud/", waiting until "load"
============================================================
    at ProgressController.run (C:\Users\SnehaV\AppData\Local\Temp\playwright-java-3452271969394814516\package\lib\server\progress.js:88:26)
    at Frame.goto (C:\Users\SnehaV\AppData\Local\Temp\playwright-java-3452271969394814516\package\lib\server\frames.js:521:23)
    at FrameDispatcher.goto (C:\Users\SnehaV\AppData\Local\Temp\playwright-java-3452271969394814516\package\lib\server\dispatchers\frameDispatcher.js:75:121)
    at DispatcherConnection.dispatch (C:\Users\SnehaV\AppData\Local\Temp\playwright-java-3452271969394814516\package\lib\server\dispatchers\dispatcher.js:312:46)
}
at com.microsoft.playwright.impl.WaitableResult.get(WaitableResult.java:52)
at com.microsoft.playwright.impl.ChannelOwner.runUntil(ChannelOwner.java:111)
at com.microsoft.playwright.impl.Connection.sendMessage(Connection.java:126)
at com.microsoft.playwright.impl.ChannelOwner.sendMessage(ChannelOwner.java:102)
at com.microsoft.playwright.impl.FrameImpl.navigateImpl(FrameImpl.java:463)
at com.microsoft.playwright.impl.PageImpl.lambda$navigate$45(PageImpl.java:836)
at com.microsoft.playwright.impl.LoggingSupport.withLogging(LoggingSupport.java:47)
at com.microsoft.playwright.impl.ChannelOwner.withLogging(ChannelOwner.java:87)
at com.microsoft.playwright.impl.PageImpl.navigate(PageImpl.java:836)
at com.microsoft.playwright.impl.PageImpl.navigate(PageImpl.java:42)
at com.microsoft.playwright.Page.navigate(Page.java:5282)
at genericFunctions.PlaywrightFactory.initBrowser(PlaywrightFactory.java:101)
at Stepdefinitions.Hooks.getProperty(Hooks.java:32)
Caused by: com.microsoft.playwright.TimeoutError: Error {
  message='Timeout 50000ms exceeded.
=========================== logs ===========================
navigating to "https://sisclientweb-900070.campusnexus.cloud/", waiting until "load"
============================================================
  name='TimeoutError
  stack='TimeoutError: Timeout 50000ms exceeded.
=========================== logs ===========================
navigating to "https://sisclientweb-900070.campusnexus.cloud/", waiting until "load"
============================================================
    at ProgressController.run (C:\Users\SnehaV\AppData\Local\Temp\playwright-java-3452271969394814516\package\lib\server\progress.js:88:26)
    at Frame.goto (C:\Users\SnehaV\AppData\Local\Temp\playwright-java-3452271969394814516\package\lib\server\frames.js:521:23)
    at FrameDispatcher.goto (C:\Users\SnehaV\AppData\Local\Temp\playwright-java-3452271969394814516\package\lib\server\dispatchers\frameDispatcher.js:75:121)
    at DispatcherConnection.dispatch (C:\Users\SnehaV\AppData\Local\Temp\playwright-java-3452271969394814516\package\lib\server\dispatchers\dispatcher.js:312:46)
}
at com.microsoft.playwright.impl.Connection.dispatch(Connection.java:224)
at com.microsoft.playwright.impl.Connection.processOneMessage(Connection.java:206)
at com.microsoft.playwright.impl.ChannelOwner.runUntil(ChannelOwner.java:109)
at com.microsoft.playwright.impl.Connection.sendMessage(Connection.java:126)
at com.microsoft.playwright.impl.ChannelOwner.sendMessage(ChannelOwner.java:102)
at com.microsoft.playwright.impl.FrameImpl.navigateImpl(FrameImpl.java:463)
at com.microsoft.playwright.impl.PageImpl.lambda$navigate$45(PageImpl.java:836)
at com.microsoft.playwright.impl.LoggingSupport.withLogging(LoggingSupport.java:47)
at com.microsoft.playwright.impl.ChannelOwner.withLogging(ChannelOwner.java:87)
at com.microsoft.playwright.impl.PageImpl.navigate(PageImpl.java:836)
at com.microsoft.playwright.impl.PageImpl.navigate(PageImpl.java:42)
at com.microsoft.playwright.Page.navigate(Page.java:5282)
at genericFunctions.PlaywrightFactory.initBrowser(PlaywrightFactory.java:101)
at Stepdefinitions.Hooks.getProperty(Hooks.java:32)
at java.base/jdk.internal.reflect.NativeMethodAccessorImpl.invoke0(Native Method)
at java.base/jdk.internal.reflect.NativeMethodAccessorImpl.invoke(NativeMethodAccessorImpl.java:77)
at java.base/jdk.internal.reflect.DelegatingMethodAccessorImpl.invoke(DelegatingMethodAccessorImpl.java:43)
at java.base/java.lang.reflect.Method.invoke(Method.java:568)
at io.cucumber.java.Invoker.doInvoke(Invoker.java:66)
at io.cucumber.java.Invoker.invoke(Invoker.java:24)
at io.cucumber.java.AbstractGlueDefinition.invokeMethod(AbstractGlueDefinition.java:47)
at io.cucumber.java.JavaHookDefinition.execute(JavaHookDefinition.java:59)
at io.cucumber.core.runner.CoreHookDefinition.execute(CoreHookDefinition.java:46)
at io.cucumber.core.runner.HookDefinitionMatch.runStep(HookDefinitionMatch.java:21)
at io.cucumber.core.runner.ExecutionMode$1.execute(ExecutionMode.java:10)
at io.cucumber.core.runner.TestStep.executeStep(TestStep.java:92)
at io.cucumber.core.runner.TestStep.run(TestStep.java:64)
at io.cucumber.core.runner.TestCase.run(TestCase.java:98)
at io.cucumber.core.runner.Runner.runPickle(Runner.java:71)
at io.cucumber.testng.TestNGCucumberRunner.lambda$runScenario$0(TestNGCucumberRunner.java:116)
at io.cucumber.core.runtime.CucumberExecutionContext.runTestCase(CucumberExecutionContext.java:117)
at io.cucumber.testng.TestNGCucumberRunner.runScenario(TestNGCucumberRunner.java:113)
at io.cucumber.testng.AbstractTestNGCucumberTests.runScenario(AbstractTestNGCucumberTests.java:31)
at java.base/jdk.internal.reflect.NativeMethodAccessorImpl.invoke0(Native Method)
at java.base/jdk.internal.reflect.NativeMethodAccessorImpl.invoke(NativeMethodAccessorImpl.java:77)
at java.base/jdk.internal.reflect.DelegatingMethodAccessorImpl.invoke(DelegatingMethodAccessorImpl.java:43)
at java.base/java.lang.reflect.Method.invoke(Method.java:568)
at org.testng.internal.MethodInvocationHelper.invokeMethod(MethodInvocationHelper.java:133)
at org.testng.internal.TestInvoker.invokeMethod(TestInvoker.java:598)
at org.testng.internal.TestInvoker.invokeTestMethod(TestInvoker.java:173)
at org.testng.internal.MethodRunner.runInSequence(MethodRunner.java:46)
at org.testng.internal.TestInvoker$MethodInvocationAgent.invoke(TestInvoker.java:824)
at org.testng.internal.TestInvoker.invokeTestMethods(TestInvoker.java:146)
at org.testng.internal.TestMethodWorker.invokeTestMethods(TestMethodWorker.java:146)
at org.testng.internal.TestMethodWorker.run(TestMethodWorker.java:128)
at java.base/java.util.concurrent.ThreadPoolExecutor.runWorker(ThreadPoolExecutor.java:1136)
at java.base/java.util.concurrent.ThreadPoolExecutor$Worker.run(ThreadPoolExecutor.java:635)
at java.base/java.lang.Thread.run(Thread.java:833)
]]>
    </error>
  </testcase> <!-- runScenario -->
  <system-out/>
  <testcase classname="runner.StudentTestRunner4" name="runScenario" time="81.891">
    <error message="Error {
  message=&#039;Timeout 50000ms exceeded.
=========================== logs ===========================
navigating to &quot;https://sisclientweb-900070.campusnexus.cloud/&quot;, waiting until &quot;load&quot;
============================================================
  name=&#039;TimeoutError
  stack=&#039;TimeoutError: Timeout 50000ms exceeded.
=========================== logs ===========================
navigating to &quot;https://sisclientweb-900070.campusnexus.cloud/&quot;, waiting until &quot;load&quot;
============================================================
    at ProgressController.run (C:\Users\SnehaV\AppData\Local\Temp\playwright-java-3452271969394814516\package\lib\server\progress.js:88:26)
    at Frame.goto (C:\Users\SnehaV\AppData\Local\Temp\playwright-java-3452271969394814516\package\lib\server\frames.js:521:23)
    at FrameDispatcher.goto (C:\Users\SnehaV\AppData\Local\Temp\playwright-java-3452271969394814516\package\lib\server\dispatchers\frameDispatcher.js:75:121)
    at DispatcherConnection.dispatch (C:\Users\SnehaV\AppData\Local\Temp\playwright-java-3452271969394814516\package\lib\server\dispatchers\dispatcher.js:312:46)
}" type="com.microsoft.playwright.TimeoutError">
      <![CDATA[com.microsoft.playwright.TimeoutError: Error {
  message='Timeout 50000ms exceeded.
=========================== logs ===========================
navigating to "https://sisclientweb-900070.campusnexus.cloud/", waiting until "load"
============================================================
  name='TimeoutError
  stack='TimeoutError: Timeout 50000ms exceeded.
=========================== logs ===========================
navigating to "https://sisclientweb-900070.campusnexus.cloud/", waiting until "load"
============================================================
    at ProgressController.run (C:\Users\SnehaV\AppData\Local\Temp\playwright-java-3452271969394814516\package\lib\server\progress.js:88:26)
    at Frame.goto (C:\Users\SnehaV\AppData\Local\Temp\playwright-java-3452271969394814516\package\lib\server\frames.js:521:23)
    at FrameDispatcher.goto (C:\Users\SnehaV\AppData\Local\Temp\playwright-java-3452271969394814516\package\lib\server\dispatchers\frameDispatcher.js:75:121)
    at DispatcherConnection.dispatch (C:\Users\SnehaV\AppData\Local\Temp\playwright-java-3452271969394814516\package\lib\server\dispatchers\dispatcher.js:312:46)
}
at com.microsoft.playwright.impl.WaitableResult.get(WaitableResult.java:52)
at com.microsoft.playwright.impl.ChannelOwner.runUntil(ChannelOwner.java:111)
at com.microsoft.playwright.impl.Connection.sendMessage(Connection.java:126)
at com.microsoft.playwright.impl.ChannelOwner.sendMessage(ChannelOwner.java:102)
at com.microsoft.playwright.impl.FrameImpl.navigateImpl(FrameImpl.java:463)
at com.microsoft.playwright.impl.PageImpl.lambda$navigate$45(PageImpl.java:836)
at com.microsoft.playwright.impl.LoggingSupport.withLogging(LoggingSupport.java:47)
at com.microsoft.playwright.impl.ChannelOwner.withLogging(ChannelOwner.java:87)
at com.microsoft.playwright.impl.PageImpl.navigate(PageImpl.java:836)
at com.microsoft.playwright.impl.PageImpl.navigate(PageImpl.java:42)
at com.microsoft.playwright.Page.navigate(Page.java:5282)
at genericFunctions.PlaywrightFactory.initBrowser(PlaywrightFactory.java:101)
at Stepdefinitions.Hooks.getProperty(Hooks.java:32)
Caused by: com.microsoft.playwright.TimeoutError: Error {
  message='Timeout 50000ms exceeded.
=========================== logs ===========================
navigating to "https://sisclientweb-900070.campusnexus.cloud/", waiting until "load"
============================================================
  name='TimeoutError
  stack='TimeoutError: Timeout 50000ms exceeded.
=========================== logs ===========================
navigating to "https://sisclientweb-900070.campusnexus.cloud/", waiting until "load"
============================================================
    at ProgressController.run (C:\Users\SnehaV\AppData\Local\Temp\playwright-java-3452271969394814516\package\lib\server\progress.js:88:26)
    at Frame.goto (C:\Users\SnehaV\AppData\Local\Temp\playwright-java-3452271969394814516\package\lib\server\frames.js:521:23)
    at FrameDispatcher.goto (C:\Users\SnehaV\AppData\Local\Temp\playwright-java-3452271969394814516\package\lib\server\dispatchers\frameDispatcher.js:75:121)
    at DispatcherConnection.dispatch (C:\Users\SnehaV\AppData\Local\Temp\playwright-java-3452271969394814516\package\lib\server\dispatchers\dispatcher.js:312:46)
}
at com.microsoft.playwright.impl.Connection.dispatch(Connection.java:224)
at com.microsoft.playwright.impl.Connection.processOneMessage(Connection.java:206)
at com.microsoft.playwright.impl.ChannelOwner.runUntil(ChannelOwner.java:109)
at com.microsoft.playwright.impl.Connection.sendMessage(Connection.java:126)
at com.microsoft.playwright.impl.ChannelOwner.sendMessage(ChannelOwner.java:102)
at com.microsoft.playwright.impl.FrameImpl.navigateImpl(FrameImpl.java:463)
at com.microsoft.playwright.impl.PageImpl.lambda$navigate$45(PageImpl.java:836)
at com.microsoft.playwright.impl.LoggingSupport.withLogging(LoggingSupport.java:47)
at com.microsoft.playwright.impl.ChannelOwner.withLogging(ChannelOwner.java:87)
at com.microsoft.playwright.impl.PageImpl.navigate(PageImpl.java:836)
at com.microsoft.playwright.impl.PageImpl.navigate(PageImpl.java:42)
at com.microsoft.playwright.Page.navigate(Page.java:5282)
at genericFunctions.PlaywrightFactory.initBrowser(PlaywrightFactory.java:101)
at Stepdefinitions.Hooks.getProperty(Hooks.java:32)
at java.base/jdk.internal.reflect.NativeMethodAccessorImpl.invoke0(Native Method)
at java.base/jdk.internal.reflect.NativeMethodAccessorImpl.invoke(NativeMethodAccessorImpl.java:77)
at java.base/jdk.internal.reflect.DelegatingMethodAccessorImpl.invoke(DelegatingMethodAccessorImpl.java:43)
at java.base/java.lang.reflect.Method.invoke(Method.java:568)
at io.cucumber.java.Invoker.doInvoke(Invoker.java:66)
at io.cucumber.java.Invoker.invoke(Invoker.java:24)
at io.cucumber.java.AbstractGlueDefinition.invokeMethod(AbstractGlueDefinition.java:47)
at io.cucumber.java.JavaHookDefinition.execute(JavaHookDefinition.java:59)
at io.cucumber.core.runner.CoreHookDefinition.execute(CoreHookDefinition.java:46)
at io.cucumber.core.runner.HookDefinitionMatch.runStep(HookDefinitionMatch.java:21)
at io.cucumber.core.runner.ExecutionMode$1.execute(ExecutionMode.java:10)
at io.cucumber.core.runner.TestStep.executeStep(TestStep.java:92)
at io.cucumber.core.runner.TestStep.run(TestStep.java:64)
at io.cucumber.core.runner.TestCase.run(TestCase.java:98)
at io.cucumber.core.runner.Runner.runPickle(Runner.java:71)
at io.cucumber.testng.TestNGCucumberRunner.lambda$runScenario$0(TestNGCucumberRunner.java:116)
at io.cucumber.core.runtime.CucumberExecutionContext.runTestCase(CucumberExecutionContext.java:117)
at io.cucumber.testng.TestNGCucumberRunner.runScenario(TestNGCucumberRunner.java:113)
at io.cucumber.testng.AbstractTestNGCucumberTests.runScenario(AbstractTestNGCucumberTests.java:31)
at java.base/jdk.internal.reflect.NativeMethodAccessorImpl.invoke0(Native Method)
at java.base/jdk.internal.reflect.NativeMethodAccessorImpl.invoke(NativeMethodAccessorImpl.java:77)
at java.base/jdk.internal.reflect.DelegatingMethodAccessorImpl.invoke(DelegatingMethodAccessorImpl.java:43)
at java.base/java.lang.reflect.Method.invoke(Method.java:568)
at org.testng.internal.MethodInvocationHelper.invokeMethod(MethodInvocationHelper.java:133)
at org.testng.internal.TestInvoker.invokeMethod(TestInvoker.java:598)
at org.testng.internal.TestInvoker.invokeTestMethod(TestInvoker.java:173)
at org.testng.internal.MethodRunner.runInSequence(MethodRunner.java:46)
at org.testng.internal.TestInvoker$MethodInvocationAgent.invoke(TestInvoker.java:824)
at org.testng.internal.TestInvoker.invokeTestMethods(TestInvoker.java:146)
at org.testng.internal.TestMethodWorker.invokeTestMethods(TestMethodWorker.java:146)
at org.testng.internal.TestMethodWorker.run(TestMethodWorker.java:128)
at java.base/java.util.concurrent.ThreadPoolExecutor.runWorker(ThreadPoolExecutor.java:1136)
at java.base/java.util.concurrent.ThreadPoolExecutor$Worker.run(ThreadPoolExecutor.java:635)
at java.base/java.lang.Thread.run(Thread.java:833)
]]>
    </error>
  </testcase> <!-- runScenario -->
  <system-out/>
  <testcase classname="runner.StudentTestRunner4" name="runScenario" time="82.080">
    <error message="Error {
  message=&#039;Timeout 50000ms exceeded.
=========================== logs ===========================
navigating to &quot;https://sisclientweb-900070.campusnexus.cloud/&quot;, waiting until &quot;load&quot;
============================================================
  name=&#039;TimeoutError
  stack=&#039;TimeoutError: Timeout 50000ms exceeded.
=========================== logs ===========================
navigating to &quot;https://sisclientweb-900070.campusnexus.cloud/&quot;, waiting until &quot;load&quot;
============================================================
    at ProgressController.run (C:\Users\SnehaV\AppData\Local\Temp\playwright-java-3452271969394814516\package\lib\server\progress.js:88:26)
    at Frame.goto (C:\Users\SnehaV\AppData\Local\Temp\playwright-java-3452271969394814516\package\lib\server\frames.js:521:23)
    at FrameDispatcher.goto (C:\Users\SnehaV\AppData\Local\Temp\playwright-java-3452271969394814516\package\lib\server\dispatchers\frameDispatcher.js:75:121)
    at DispatcherConnection.dispatch (C:\Users\SnehaV\AppData\Local\Temp\playwright-java-3452271969394814516\package\lib\server\dispatchers\dispatcher.js:312:46)
}" type="com.microsoft.playwright.TimeoutError">
      <![CDATA[com.microsoft.playwright.TimeoutError: Error {
  message='Timeout 50000ms exceeded.
=========================== logs ===========================
navigating to "https://sisclientweb-900070.campusnexus.cloud/", waiting until "load"
============================================================
  name='TimeoutError
  stack='TimeoutError: Timeout 50000ms exceeded.
=========================== logs ===========================
navigating to "https://sisclientweb-900070.campusnexus.cloud/", waiting until "load"
============================================================
    at ProgressController.run (C:\Users\SnehaV\AppData\Local\Temp\playwright-java-3452271969394814516\package\lib\server\progress.js:88:26)
    at Frame.goto (C:\Users\SnehaV\AppData\Local\Temp\playwright-java-3452271969394814516\package\lib\server\frames.js:521:23)
    at FrameDispatcher.goto (C:\Users\SnehaV\AppData\Local\Temp\playwright-java-3452271969394814516\package\lib\server\dispatchers\frameDispatcher.js:75:121)
    at DispatcherConnection.dispatch (C:\Users\SnehaV\AppData\Local\Temp\playwright-java-3452271969394814516\package\lib\server\dispatchers\dispatcher.js:312:46)
}
at com.microsoft.playwright.impl.WaitableResult.get(WaitableResult.java:52)
at com.microsoft.playwright.impl.ChannelOwner.runUntil(ChannelOwner.java:111)
at com.microsoft.playwright.impl.Connection.sendMessage(Connection.java:126)
at com.microsoft.playwright.impl.ChannelOwner.sendMessage(ChannelOwner.java:102)
at com.microsoft.playwright.impl.FrameImpl.navigateImpl(FrameImpl.java:463)
at com.microsoft.playwright.impl.PageImpl.lambda$navigate$45(PageImpl.java:836)
at com.microsoft.playwright.impl.LoggingSupport.withLogging(LoggingSupport.java:47)
at com.microsoft.playwright.impl.ChannelOwner.withLogging(ChannelOwner.java:87)
at com.microsoft.playwright.impl.PageImpl.navigate(PageImpl.java:836)
at com.microsoft.playwright.impl.PageImpl.navigate(PageImpl.java:42)
at com.microsoft.playwright.Page.navigate(Page.java:5282)
at genericFunctions.PlaywrightFactory.initBrowser(PlaywrightFactory.java:101)
at Stepdefinitions.Hooks.getProperty(Hooks.java:32)
Caused by: com.microsoft.playwright.TimeoutError: Error {
  message='Timeout 50000ms exceeded.
=========================== logs ===========================
navigating to "https://sisclientweb-900070.campusnexus.cloud/", waiting until "load"
============================================================
  name='TimeoutError
  stack='TimeoutError: Timeout 50000ms exceeded.
=========================== logs ===========================
navigating to "https://sisclientweb-900070.campusnexus.cloud/", waiting until "load"
============================================================
    at ProgressController.run (C:\Users\SnehaV\AppData\Local\Temp\playwright-java-3452271969394814516\package\lib\server\progress.js:88:26)
    at Frame.goto (C:\Users\SnehaV\AppData\Local\Temp\playwright-java-3452271969394814516\package\lib\server\frames.js:521:23)
    at FrameDispatcher.goto (C:\Users\SnehaV\AppData\Local\Temp\playwright-java-3452271969394814516\package\lib\server\dispatchers\frameDispatcher.js:75:121)
    at DispatcherConnection.dispatch (C:\Users\SnehaV\AppData\Local\Temp\playwright-java-3452271969394814516\package\lib\server\dispatchers\dispatcher.js:312:46)
}
at com.microsoft.playwright.impl.Connection.dispatch(Connection.java:224)
at com.microsoft.playwright.impl.Connection.processOneMessage(Connection.java:206)
at com.microsoft.playwright.impl.ChannelOwner.runUntil(ChannelOwner.java:109)
at com.microsoft.playwright.impl.Connection.sendMessage(Connection.java:126)
at com.microsoft.playwright.impl.ChannelOwner.sendMessage(ChannelOwner.java:102)
at com.microsoft.playwright.impl.FrameImpl.navigateImpl(FrameImpl.java:463)
at com.microsoft.playwright.impl.PageImpl.lambda$navigate$45(PageImpl.java:836)
at com.microsoft.playwright.impl.LoggingSupport.withLogging(LoggingSupport.java:47)
at com.microsoft.playwright.impl.ChannelOwner.withLogging(ChannelOwner.java:87)
at com.microsoft.playwright.impl.PageImpl.navigate(PageImpl.java:836)
at com.microsoft.playwright.impl.PageImpl.navigate(PageImpl.java:42)
at com.microsoft.playwright.Page.navigate(Page.java:5282)
at genericFunctions.PlaywrightFactory.initBrowser(PlaywrightFactory.java:101)
at Stepdefinitions.Hooks.getProperty(Hooks.java:32)
at java.base/jdk.internal.reflect.NativeMethodAccessorImpl.invoke0(Native Method)
at java.base/jdk.internal.reflect.NativeMethodAccessorImpl.invoke(NativeMethodAccessorImpl.java:77)
at java.base/jdk.internal.reflect.DelegatingMethodAccessorImpl.invoke(DelegatingMethodAccessorImpl.java:43)
at java.base/java.lang.reflect.Method.invoke(Method.java:568)
at io.cucumber.java.Invoker.doInvoke(Invoker.java:66)
at io.cucumber.java.Invoker.invoke(Invoker.java:24)
at io.cucumber.java.AbstractGlueDefinition.invokeMethod(AbstractGlueDefinition.java:47)
at io.cucumber.java.JavaHookDefinition.execute(JavaHookDefinition.java:59)
at io.cucumber.core.runner.CoreHookDefinition.execute(CoreHookDefinition.java:46)
at io.cucumber.core.runner.HookDefinitionMatch.runStep(HookDefinitionMatch.java:21)
at io.cucumber.core.runner.ExecutionMode$1.execute(ExecutionMode.java:10)
at io.cucumber.core.runner.TestStep.executeStep(TestStep.java:92)
at io.cucumber.core.runner.TestStep.run(TestStep.java:64)
at io.cucumber.core.runner.TestCase.run(TestCase.java:98)
at io.cucumber.core.runner.Runner.runPickle(Runner.java:71)
at io.cucumber.testng.TestNGCucumberRunner.lambda$runScenario$0(TestNGCucumberRunner.java:116)
at io.cucumber.core.runtime.CucumberExecutionContext.runTestCase(CucumberExecutionContext.java:117)
at io.cucumber.testng.TestNGCucumberRunner.runScenario(TestNGCucumberRunner.java:113)
at io.cucumber.testng.AbstractTestNGCucumberTests.runScenario(AbstractTestNGCucumberTests.java:31)
at java.base/jdk.internal.reflect.NativeMethodAccessorImpl.invoke0(Native Method)
at java.base/jdk.internal.reflect.NativeMethodAccessorImpl.invoke(NativeMethodAccessorImpl.java:77)
at java.base/jdk.internal.reflect.DelegatingMethodAccessorImpl.invoke(DelegatingMethodAccessorImpl.java:43)
at java.base/java.lang.reflect.Method.invoke(Method.java:568)
at org.testng.internal.MethodInvocationHelper.invokeMethod(MethodInvocationHelper.java:133)
at org.testng.internal.TestInvoker.invokeMethod(TestInvoker.java:598)
at org.testng.internal.TestInvoker.invokeTestMethod(TestInvoker.java:173)
at org.testng.internal.MethodRunner.runInSequence(MethodRunner.java:46)
at org.testng.internal.TestInvoker$MethodInvocationAgent.invoke(TestInvoker.java:824)
at org.testng.internal.TestInvoker.invokeTestMethods(TestInvoker.java:146)
at org.testng.internal.TestMethodWorker.invokeTestMethods(TestMethodWorker.java:146)
at org.testng.internal.TestMethodWorker.run(TestMethodWorker.java:128)
at java.base/java.util.concurrent.ThreadPoolExecutor.runWorker(ThreadPoolExecutor.java:1136)
at java.base/java.util.concurrent.ThreadPoolExecutor$Worker.run(ThreadPoolExecutor.java:635)
at java.base/java.lang.Thread.run(Thread.java:833)
]]>
    </error>
  </testcase> <!-- runScenario -->
  <system-out/>
</testsuite> <!-- runner.StudentTestRunner4 -->
