<?xml version="1.0" encoding="UTF-8"?>
<!-- Generated by org.testng.reporters.JUnitReportReporter -->
<testsuite hostname="LPTIN-HNBJ8S3" failures="0" tests="1" name="runner.Runner" time="54.699" errors="0" timestamp="2023-04-17T13:19:41 IST" skipped="0">
  <testcase classname="runner.Runner" name="runScenario" time="54.699"/>
  <system-out/>
</testsuite> <!-- runner.Runner -->
