<?xml version="1.0" encoding="UTF-8"?>
<!-- Generated by org.testng.reporters.JUnitReportReporter -->
<testsuite hostname="LPTIN-DG12GG3" failures="0" tests="1" name="runner.TestCaseRunner" time="48.275" errors="0" timestamp="2023-12-14T17:13:33 IST" skipped="0">
  <testcase classname="runner.TestCaseRunner" name="runScenario" time="48.275"/>
  <system-out/>
</testsuite> <!-- runner.TestCaseRunner -->
